{"/home/travis/build/npmtest/node-npmtest-pino/test.js":{"path":"/home/travis/build/npmtest/node-npmtest-pino/test.js","s":{"1":2,"2":2,"3":2,"4":2,"5":2,"6":2,"7":2,"8":1,"9":2,"10":2,"11":1,"12":1,"13":1,"14":1,"15":2,"16":2,"17":2,"18":2,"19":1,"20":1,"21":2,"22":2,"23":2,"24":1,"25":1,"26":1,"27":1,"28":1,"29":1,"30":1,"31":1,"32":1,"33":1,"34":1,"35":1,"36":1,"37":1,"38":1,"39":2,"40":2,"41":1,"42":2,"43":2,"44":1,"45":2,"46":2,"47":1,"48":2,"49":2,"50":1,"51":1,"52":1,"53":1,"54":1},"b":{"1":[2,1,1,1],"2":[1,1,1,1],"3":[1,1],"4":[1,1],"5":[1,1],"6":[1,1],"7":[1,1],"8":[1,1],"9":[1,1],"10":[1,1,1],"11":[1,1],"12":[1,1],"13":[1,1],"14":[1,1],"15":[1,1],"16":[1,1],"17":[1,1]},"f":{"1":2,"2":2,"3":2,"4":2,"5":2,"6":1,"7":1,"8":1,"9":2,"10":2,"11":2,"12":2,"13":1},"fnMap":{"1":{"name":"(anonymous_1)","line":12,"loc":{"start":{"line":12,"column":1},"end":{"line":12,"column":13}}},"2":{"name":"(anonymous_2)","line":19,"loc":{"start":{"line":19,"column":5},"end":{"line":19,"column":17}}},"3":{"name":"(anonymous_3)","line":23,"loc":{"start":{"line":23,"column":24},"end":{"line":23,"column":36}}},"4":{"name":"(anonymous_4)","line":61,"loc":{"start":{"line":61,"column":5},"end":{"line":61,"column":17}}},"5":{"name":"(anonymous_5)","line":82,"loc":{"start":{"line":82,"column":5},"end":{"line":82,"column":17}}},"6":{"name":"(anonymous_6)","line":91,"loc":{"start":{"line":91,"column":77},"end":{"line":94,"column":10}}},"7":{"name":"(anonymous_7)","line":112,"loc":{"start":{"line":112,"column":83},"end":{"line":115,"column":10}},"skip":true},"8":{"name":"(anonymous_8)","line":123,"loc":{"start":{"line":123,"column":77},"end":{"line":126,"column":10}},"skip":true},"9":{"name":"(anonymous_9)","line":139,"loc":{"start":{"line":139,"column":12},"end":{"line":139,"column":40}},"skip":true},"10":{"name":"(anonymous_10)","line":147,"loc":{"start":{"line":147,"column":77},"end":{"line":150,"column":10}},"skip":true},"11":{"name":"(anonymous_11)","line":158,"loc":{"start":{"line":158,"column":83},"end":{"line":161,"column":10}},"skip":true},"12":{"name":"(anonymous_12)","line":169,"loc":{"start":{"line":169,"column":79},"end":{"line":172,"column":10}},"skip":true},"13":{"name":"(anonymous_13)","line":180,"loc":{"start":{"line":180,"column":75},"end":{"line":183,"column":10}},"skip":true}},"statementMap":{"1":{"start":{"line":12,"column":0},"end":{"line":195,"column":5}},"2":{"start":{"line":14,"column":4},"end":{"line":14,"column":14}},"3":{"start":{"line":19,"column":4},"end":{"line":56,"column":9}},"4":{"start":{"line":21,"column":8},"end":{"line":21,"column":19}},"5":{"start":{"line":23,"column":8},"end":{"line":35,"column":13}},"6":{"start":{"line":24,"column":12},"end":{"line":34,"column":13}},"7":{"start":{"line":25,"column":16},"end":{"line":28,"column":30}},"8":{"start":{"line":30,"column":16},"end":{"line":33,"column":27}},"9":{"start":{"line":37,"column":8},"end":{"line":39,"column":21}},"10":{"start":{"line":40,"column":8},"end":{"line":53,"column":9}},"11":{"start":{"line":43,"column":12},"end":{"line":46,"column":14}},"12":{"start":{"line":47,"column":12},"end":{"line":47,"column":18}},"13":{"start":{"line":50,"column":12},"end":{"line":51,"column":33}},"14":{"start":{"line":52,"column":12},"end":{"line":52,"column":18}},"15":{"start":{"line":55,"column":8},"end":{"line":55,"column":35}},"16":{"start":{"line":61,"column":4},"end":{"line":63,"column":9}},"17":{"start":{"line":62,"column":8},"end":{"line":62,"column":15}},"18":{"start":{"line":64,"column":4},"end":{"line":77,"column":5}},"19":{"start":{"line":70,"column":8},"end":{"line":70,"column":14}},"20":{"start":{"line":76,"column":8},"end":{"line":76,"column":14}},"21":{"start":{"line":82,"column":4},"end":{"line":84,"column":9}},"22":{"start":{"line":83,"column":8},"end":{"line":83,"column":15}},"23":{"start":{"line":85,"column":4},"end":{"line":194,"column":5}},"24":{"start":{"line":91,"column":8},"end":{"line":99,"column":10}},"25":{"start":{"line":98,"column":12},"end":{"line":98,"column":35}},"26":{"start":{"line":102,"column":8},"end":{"line":104,"column":63}},"27":{"start":{"line":105,"column":8},"end":{"line":105,"column":14}},"28":{"start":{"line":112,"column":8},"end":{"line":121,"column":10},"skip":true},"29":{"start":{"line":119,"column":12},"end":{"line":119,"column":55},"skip":true},"30":{"start":{"line":120,"column":12},"end":{"line":120,"column":48},"skip":true},"31":{"start":{"line":123,"column":8},"end":{"line":136,"column":10},"skip":true},"32":{"start":{"line":130,"column":12},"end":{"line":130,"column":76},"skip":true},"33":{"start":{"line":131,"column":12},"end":{"line":131,"column":73},"skip":true},"34":{"start":{"line":132,"column":12},"end":{"line":132,"column":74},"skip":true},"35":{"start":{"line":133,"column":12},"end":{"line":133,"column":79},"skip":true},"36":{"start":{"line":134,"column":12},"end":{"line":134,"column":25},"skip":true},"37":{"start":{"line":135,"column":12},"end":{"line":135,"column":45},"skip":true},"38":{"start":{"line":138,"column":8},"end":{"line":145,"column":14},"skip":true},"39":{"start":{"line":143,"column":16},"end":{"line":143,"column":29},"skip":true},"40":{"start":{"line":144,"column":16},"end":{"line":144,"column":55},"skip":true},"41":{"start":{"line":147,"column":8},"end":{"line":156,"column":10},"skip":true},"42":{"start":{"line":154,"column":12},"end":{"line":154,"column":25},"skip":true},"43":{"start":{"line":155,"column":12},"end":{"line":155,"column":45},"skip":true},"44":{"start":{"line":158,"column":8},"end":{"line":167,"column":10},"skip":true},"45":{"start":{"line":165,"column":12},"end":{"line":165,"column":25},"skip":true},"46":{"start":{"line":166,"column":12},"end":{"line":166,"column":48},"skip":true},"47":{"start":{"line":169,"column":8},"end":{"line":178,"column":10},"skip":true},"48":{"start":{"line":176,"column":12},"end":{"line":176,"column":25},"skip":true},"49":{"start":{"line":177,"column":12},"end":{"line":177,"column":46},"skip":true},"50":{"start":{"line":180,"column":8},"end":{"line":189,"column":10},"skip":true},"51":{"start":{"line":187,"column":12},"end":{"line":187,"column":94},"skip":true},"52":{"start":{"line":188,"column":12},"end":{"line":188,"column":48},"skip":true},"53":{"start":{"line":192,"column":8},"end":{"line":192,"column":35},"skip":true},"54":{"start":{"line":193,"column":8},"end":{"line":193,"column":14},"skip":true}},"branchMap":{"1":{"line":25,"type":"binary-expr","locations":[{"start":{"line":25,"column":23},"end":{"line":25,"column":62}},{"start":{"line":26,"column":20},"end":{"line":26,"column":70}},{"start":{"line":27,"column":20},"end":{"line":27,"column":71}},{"start":{"line":28,"column":20},"end":{"line":28,"column":29}}]},"2":{"line":30,"type":"binary-expr","locations":[{"start":{"line":30,"column":23},"end":{"line":30,"column":37}},{"start":{"line":31,"column":20},"end":{"line":31,"column":61}},{"start":{"line":32,"column":20},"end":{"line":32,"column":70}},{"start":{"line":33,"column":20},"end":{"line":33,"column":26}}]},"3":{"line":37,"type":"cond-expr","locations":[{"start":{"line":38,"column":14},"end":{"line":38,"column":20}},{"start":{"line":39,"column":14},"end":{"line":39,"column":20}}]},"4":{"line":40,"type":"switch","locations":[{"start":{"line":42,"column":8},"end":{"line":47,"column":18}},{"start":{"line":49,"column":8},"end":{"line":52,"column":18}}]},"5":{"line":44,"type":"binary-expr","locations":[{"start":{"line":44,"column":16},"end":{"line":44,"column":44}},{"start":{"line":44,"column":48},"end":{"line":44,"column":66}}]},"6":{"line":50,"type":"binary-expr","locations":[{"start":{"line":50,"column":21},"end":{"line":50,"column":49}},{"start":{"line":50,"column":53},"end":{"line":50,"column":72}}]},"7":{"line":64,"type":"switch","locations":[{"start":{"line":69,"column":4},"end":{"line":70,"column":14}},{"start":{"line":75,"column":4},"end":{"line":76,"column":14}}]},"8":{"line":85,"type":"switch","locations":[{"start":{"line":90,"column":4},"end":{"line":105,"column":14}},{"start":{"line":111,"column":4},"end":{"line":193,"column":14},"skip":true}]},"9":{"line":91,"type":"binary-expr","locations":[{"start":{"line":91,"column":42},"end":{"line":91,"column":73}},{"start":{"line":91,"column":77},"end":{"line":99,"column":9}}]},"10":{"line":102,"type":"binary-expr","locations":[{"start":{"line":102,"column":18},"end":{"line":102,"column":32}},{"start":{"line":103,"column":12},"end":{"line":103,"column":53}},{"start":{"line":104,"column":12},"end":{"line":104,"column":61}}]},"11":{"line":112,"type":"binary-expr","locations":[{"start":{"line":112,"column":45},"end":{"line":112,"column":79},"skip":true},{"start":{"line":112,"column":83},"end":{"line":121,"column":9},"skip":true}]},"12":{"line":123,"type":"binary-expr","locations":[{"start":{"line":123,"column":42},"end":{"line":123,"column":73},"skip":true},{"start":{"line":123,"column":77},"end":{"line":136,"column":9},"skip":true}]},"13":{"line":138,"type":"binary-expr","locations":[{"start":{"line":138,"column":48},"end":{"line":138,"column":85},"skip":true},{"start":{"line":139,"column":12},"end":{"line":145,"column":13},"skip":true}]},"14":{"line":147,"type":"binary-expr","locations":[{"start":{"line":147,"column":42},"end":{"line":147,"column":73},"skip":true},{"start":{"line":147,"column":77},"end":{"line":156,"column":9},"skip":true}]},"15":{"line":158,"type":"binary-expr","locations":[{"start":{"line":158,"column":45},"end":{"line":158,"column":79},"skip":true},{"start":{"line":158,"column":83},"end":{"line":167,"column":9},"skip":true}]},"16":{"line":169,"type":"binary-expr","locations":[{"start":{"line":169,"column":43},"end":{"line":169,"column":75},"skip":true},{"start":{"line":169,"column":79},"end":{"line":178,"column":9},"skip":true}]},"17":{"line":180,"type":"binary-expr","locations":[{"start":{"line":180,"column":41},"end":{"line":180,"column":71},"skip":true},{"start":{"line":180,"column":75},"end":{"line":189,"column":9},"skip":true}]}},"code":["/* istanbul instrument in package npmtest_pino */","/*jslint","    bitwise: true,","    browser: true,","    maxerr: 8,","    maxlen: 96,","    node: true,","    nomen: true,","    regexp: true,","    stupid: true","*/","(function () {","    'use strict';","    var local;","","","","    // run shared js-env code - init-before","    (function () {","        // init local","        local = {};","        // init modeJs","        local.modeJs = (function () {","            try {","                return typeof navigator.userAgent === 'string' &&","                    typeof document.querySelector('body') === 'object' &&","                    typeof XMLHttpRequest.prototype.open === 'function' &&","                    'browser';","            } catch (errorCaughtBrowser) {","                return module.exports &&","                    typeof process.versions.node === 'string' &&","                    typeof require('http').createServer === 'function' &&","                    'node';","            }","        }());","        // init global","        local.global = local.modeJs === 'browser'","            ? window","            : global;","        switch (local.modeJs) {","        // re-init local from window.local","        case 'browser':","            local = local.global.utility2.objectSetDefault(","                local.global.utility2_rollup || local.global.local,","                local.global.utility2","            );","            break;","        // re-init local from example.js","        case 'node':","            local = (local.global.utility2_rollup || require('utility2'))","                .requireReadme();","            break;","        }","        // export local","        local.global.local = local;","    }());","","","","    // run shared js-env code - function","    (function () {","        return;","    }());","    switch (local.modeJs) {","","","","    // run browser js-env code - function","    case 'browser':","        break;","","","","    // run node js-env code - function","    case 'node':","        break;","    }","","","","    // run shared js-env code - init-after","    (function () {","        return;","    }());","    switch (local.modeJs) {","","","","    // run browser js-env code - init-after","    case 'browser':","        local.testCase_browser_nullCase = local.testCase_browser_nullCase || function (","            options,","            onError","        ) {","        /*","         * this function will test browsers's null-case handling-behavior-behavior","         */","            onError(null, options);","        };","","        // run tests","        local.nop(local.modeTest &&","            document.querySelector('#testRunButton1') &&","            document.querySelector('#testRunButton1').click());","        break;","","","","    // run node js-env code - init-after","    /* istanbul ignore next */","    case 'node':","        local.testCase_buildApidoc_default = local.testCase_buildApidoc_default || function (","            options,","            onError","        ) {","        /*","         * this function will test buildApidoc's default handling-behavior-behavior","         */","            options = { modulePathList: module.paths };","            local.buildApidoc(options, onError);","        };","","        local.testCase_buildApp_default = local.testCase_buildApp_default || function (","            options,","            onError","        ) {","        /*","         * this function will test buildApp's default handling-behavior-behavior","         */","            local.testCase_buildReadme_default(options, local.onErrorThrow);","            local.testCase_buildLib_default(options, local.onErrorThrow);","            local.testCase_buildTest_default(options, local.onErrorThrow);","            local.testCase_buildCustomOrg_default(options, local.onErrorThrow);","            options = [];","            local.buildApp(options, onError);","        };","","        local.testCase_buildCustomOrg_default = local.testCase_buildCustomOrg_default ||","            function (options, onError) {","            /*","             * this function will test buildCustomOrg's default handling-behavior","             */","                options = {};","                local.buildCustomOrg(options, onError);","            };","","        local.testCase_buildLib_default = local.testCase_buildLib_default || function (","            options,","            onError","        ) {","        /*","         * this function will test buildLib's default handling-behavior","         */","            options = {};","            local.buildLib(options, onError);","        };","","        local.testCase_buildReadme_default = local.testCase_buildReadme_default || function (","            options,","            onError","        ) {","        /*","         * this function will test buildReadme's default handling-behavior-behavior","         */","            options = {};","            local.buildReadme(options, onError);","        };","","        local.testCase_buildTest_default = local.testCase_buildTest_default || function (","            options,","            onError","        ) {","        /*","         * this function will test buildTest's default handling-behavior","         */","            options = {};","            local.buildTest(options, onError);","        };","","        local.testCase_webpage_default = local.testCase_webpage_default || function (","            options,","            onError","        ) {","        /*","         * this function will test webpage's default handling-behavior","         */","            options = { modeCoverageMerge: true, url: local.serverLocalHost + '?modeTest=1' };","            local.browserTest(options, onError);","        };","","        // run test-server","        local.testRunServer(local);","        break;","    }","}());",""],"l":{"12":2,"14":2,"19":2,"21":2,"23":2,"24":2,"25":2,"30":1,"37":2,"40":2,"43":1,"47":1,"50":1,"52":1,"55":2,"61":2,"62":2,"64":2,"70":1,"76":1,"82":2,"83":2,"85":2,"91":1,"98":1,"102":1,"105":1,"112":1,"119":1,"120":1,"123":1,"130":1,"131":1,"132":1,"133":1,"134":1,"135":1,"138":1,"143":2,"144":2,"147":1,"154":2,"155":2,"158":1,"165":2,"166":2,"169":1,"176":2,"177":2,"180":1,"187":1,"188":1,"192":1,"193":1}},"/home/travis/build/npmtest/node-npmtest-pino/lib.npmtest_pino.js":{"path":"/home/travis/build/npmtest/node-npmtest-pino/lib.npmtest_pino.js","s":{"1":2,"2":2,"3":2,"4":2,"5":2,"6":2,"7":2,"8":1,"9":2,"10":2,"11":2,"12":2,"13":1,"14":1,"15":1,"16":1},"b":{"1":[2,1,1,1],"2":[1,1,1,1],"3":[1,1],"4":[2,2],"5":[1,1]},"f":{"1":2,"2":2,"3":2},"fnMap":{"1":{"name":"(anonymous_1)","line":12,"loc":{"start":{"line":12,"column":1},"end":{"line":12,"column":13}}},"2":{"name":"(anonymous_2)","line":19,"loc":{"start":{"line":19,"column":5},"end":{"line":19,"column":17}}},"3":{"name":"(anonymous_3)","line":23,"loc":{"start":{"line":23,"column":24},"end":{"line":23,"column":36}}}},"statementMap":{"1":{"start":{"line":12,"column":0},"end":{"line":53,"column":5}},"2":{"start":{"line":14,"column":4},"end":{"line":14,"column":14}},"3":{"start":{"line":19,"column":4},"end":{"line":52,"column":9}},"4":{"start":{"line":21,"column":8},"end":{"line":21,"column":19}},"5":{"start":{"line":23,"column":8},"end":{"line":35,"column":13}},"6":{"start":{"line":24,"column":12},"end":{"line":34,"column":13}},"7":{"start":{"line":25,"column":16},"end":{"line":28,"column":30}},"8":{"start":{"line":30,"column":16},"end":{"line":33,"column":27}},"9":{"start":{"line":37,"column":8},"end":{"line":39,"column":21}},"10":{"start":{"line":41,"column":8},"end":{"line":41,"column":54}},"11":{"start":{"line":43,"column":8},"end":{"line":43,"column":49}},"12":{"start":{"line":45,"column":8},"end":{"line":51,"column":9}},"13":{"start":{"line":46,"column":12},"end":{"line":46,"column":55}},"14":{"start":{"line":48,"column":12},"end":{"line":48,"column":35}},"15":{"start":{"line":49,"column":12},"end":{"line":49,"column":49}},"16":{"start":{"line":50,"column":12},"end":{"line":50,"column":43}}},"branchMap":{"1":{"line":25,"type":"binary-expr","locations":[{"start":{"line":25,"column":23},"end":{"line":25,"column":62}},{"start":{"line":26,"column":20},"end":{"line":26,"column":70}},{"start":{"line":27,"column":20},"end":{"line":27,"column":71}},{"start":{"line":28,"column":20},"end":{"line":28,"column":29}}]},"2":{"line":30,"type":"binary-expr","locations":[{"start":{"line":30,"column":23},"end":{"line":30,"column":37}},{"start":{"line":31,"column":20},"end":{"line":31,"column":61}},{"start":{"line":32,"column":20},"end":{"line":32,"column":70}},{"start":{"line":33,"column":20},"end":{"line":33,"column":26}}]},"3":{"line":37,"type":"cond-expr","locations":[{"start":{"line":38,"column":14},"end":{"line":38,"column":20}},{"start":{"line":39,"column":14},"end":{"line":39,"column":20}}]},"4":{"line":41,"type":"binary-expr","locations":[{"start":{"line":41,"column":16},"end":{"line":41,"column":44}},{"start":{"line":41,"column":48},"end":{"line":41,"column":53}}]},"5":{"line":45,"type":"if","locations":[{"start":{"line":45,"column":8},"end":{"line":45,"column":8}},{"start":{"line":45,"column":8},"end":{"line":45,"column":8}}]}},"code":["/* istanbul instrument in package npmtest_pino */","/*jslint","    bitwise: true,","    browser: true,","    maxerr: 8,","    maxlen: 96,","    node: true,","    nomen: true,","    regexp: true,","    stupid: true","*/","(function () {","    'use strict';","    var local;","","","","    // run shared js-env code - init-before","    (function () {","        // init local","        local = {};","        // init modeJs","        local.modeJs = (function () {","            try {","                return typeof navigator.userAgent === 'string' &&","                    typeof document.querySelector('body') === 'object' &&","                    typeof XMLHttpRequest.prototype.open === 'function' &&","                    'browser';","            } catch (errorCaughtBrowser) {","                return module.exports &&","                    typeof process.versions.node === 'string' &&","                    typeof require('http').createServer === 'function' &&","                    'node';","            }","        }());","        // init global","        local.global = local.modeJs === 'browser'","            ? window","            : global;","        // init utility2_rollup","        local = local.global.utility2_rollup || local;","        // init lib","        local.local = local.npmtest_pino = local;","        // init exports","        if (local.modeJs === 'browser') {","            local.global.utility2_npmtest_pino = local;","        } else {","            module.exports = local;","            module.exports.__dirname = __dirname;","            module.exports.module = module;","        }","    }());","}());",""],"l":{"12":2,"14":2,"19":2,"21":2,"23":2,"24":2,"25":2,"30":1,"37":2,"41":2,"43":2,"45":2,"46":1,"48":1,"49":1,"50":1}},"/home/travis/build/npmtest/node-npmtest-pino/example.js":{"path":"/home/travis/build/npmtest/node-npmtest-pino/example.js","s":{"1":2,"2":2,"3":2,"4":2,"5":2,"6":2,"7":2,"8":1,"9":2,"10":2,"11":2,"12":2,"13":1,"14":2,"15":2,"16":2,"17":2,"18":2,"19":0,"20":2,"21":1,"22":1,"23":1,"24":1,"25":1,"26":0,"27":0,"28":1,"29":1,"30":2,"31":0,"32":0,"33":0,"34":1,"35":2,"36":2,"37":3,"38":3,"39":3,"40":3,"41":0,"42":3,"43":3,"44":3,"45":1,"46":3,"47":1,"48":1,"49":1,"50":1,"51":1,"52":1,"53":1,"54":1,"55":1,"56":1,"57":0,"58":1,"59":6,"60":6,"61":1,"62":2,"63":0,"64":2,"65":1,"66":1,"67":0,"68":0,"69":0,"70":0,"71":0,"72":0,"73":0,"74":0,"75":0,"76":0,"77":0,"78":0,"79":0,"80":0,"81":0,"82":0,"83":0},"b":{"1":[2,1,1,1],"2":[1,1,1,1],"3":[1,1],"4":[2,2],"5":[1,1],"6":[1,1],"7":[2,0],"8":[2,1,1,1,1,1],"9":[0,2,0],"10":[1,1],"11":[2,1,1],"12":[1,0],"13":[0,2],"14":[2,0,0,0,0,0,0],"15":[0,3],"16":[3,0],"17":[1,1],"18":[0,1],"19":[1,2,0,2],"20":[1,0],"21":[1,1],"22":[0,0],"23":[0,0],"24":[0,0],"25":[0,0],"26":[0,0],"27":[0,0],"28":[0,0]},"f":{"1":2,"2":2,"3":2,"4":2,"5":2,"6":2,"7":3,"8":3,"9":3,"10":1,"11":6,"12":0},"fnMap":{"1":{"name":"(anonymous_1)","line":26,"loc":{"start":{"line":26,"column":1},"end":{"line":26,"column":13}}},"2":{"name":"(anonymous_2)","line":33,"loc":{"start":{"line":33,"column":5},"end":{"line":33,"column":17}}},"3":{"name":"(anonymous_3)","line":37,"loc":{"start":{"line":37,"column":24},"end":{"line":37,"column":36}}},"4":{"name":"(anonymous_4)","line":69,"loc":{"start":{"line":69,"column":31},"end":{"line":69,"column":48}},"skip":true},"5":{"name":"(anonymous_5)","line":78,"loc":{"start":{"line":78,"column":26},"end":{"line":78,"column":45}},"skip":true},"6":{"name":"(anonymous_6)","line":123,"loc":{"start":{"line":123,"column":33},"end":{"line":123,"column":48}},"skip":true},"7":{"name":"(anonymous_7)","line":125,"loc":{"start":{"line":125,"column":27},"end":{"line":125,"column":39}},"skip":true},"8":{"name":"(anonymous_8)","line":133,"loc":{"start":{"line":133,"column":59},"end":{"line":133,"column":74}},"skip":true},"9":{"name":"(anonymous_9)","line":143,"loc":{"start":{"line":143,"column":45},"end":{"line":143,"column":62}},"skip":true},"10":{"name":"(anonymous_10)","line":144,"loc":{"start":{"line":144,"column":73},"end":{"line":144,"column":92}},"skip":true},"11":{"name":"(anonymous_11)","line":272,"loc":{"start":{"line":272,"column":51},"end":{"line":272,"column":77}},"skip":true},"12":{"name":"(anonymous_12)","line":315,"loc":{"start":{"line":315,"column":32},"end":{"line":315,"column":61}},"skip":true}},"statementMap":{"1":{"start":{"line":26,"column":0},"end":{"line":326,"column":5}},"2":{"start":{"line":28,"column":4},"end":{"line":28,"column":14}},"3":{"start":{"line":33,"column":4},"end":{"line":60,"column":9}},"4":{"start":{"line":35,"column":8},"end":{"line":35,"column":19}},"5":{"start":{"line":37,"column":8},"end":{"line":49,"column":13}},"6":{"start":{"line":38,"column":12},"end":{"line":48,"column":13}},"7":{"start":{"line":39,"column":16},"end":{"line":42,"column":30}},"8":{"start":{"line":44,"column":16},"end":{"line":47,"column":27}},"9":{"start":{"line":51,"column":8},"end":{"line":53,"column":21}},"10":{"start":{"line":55,"column":8},"end":{"line":57,"column":45}},"11":{"start":{"line":59,"column":8},"end":{"line":59,"column":35}},"12":{"start":{"line":61,"column":4},"end":{"line":325,"column":5}},"13":{"start":{"line":69,"column":8},"end":{"line":121,"column":10},"skip":true},"14":{"start":{"line":70,"column":12},"end":{"line":88,"column":13},"skip":true},"15":{"start":{"line":76,"column":16},"end":{"line":87,"column":19},"skip":true},"16":{"start":{"line":79,"column":20},"end":{"line":86,"column":21},"skip":true},"17":{"start":{"line":82,"column":24},"end":{"line":82,"column":43},"skip":true},"18":{"start":{"line":83,"column":24},"end":{"line":83,"column":30},"skip":true},"19":{"start":{"line":85,"column":24},"end":{"line":85,"column":49},"skip":true},"20":{"start":{"line":89,"column":12},"end":{"line":107,"column":13},"skip":true},"21":{"start":{"line":92,"column":16},"end":{"line":102,"column":17},"skip":true},"22":{"start":{"line":93,"column":20},"end":{"line":93,"column":86},"skip":true},"23":{"start":{"line":94,"column":20},"end":{"line":95,"column":45},"skip":true},"24":{"start":{"line":96,"column":20},"end":{"line":96,"column":42},"skip":true},"25":{"start":{"line":97,"column":20},"end":{"line":97,"column":48},"skip":true},"26":{"start":{"line":100,"column":20},"end":{"line":100,"column":85},"skip":true},"27":{"start":{"line":101,"column":20},"end":{"line":101,"column":96},"skip":true},"28":{"start":{"line":103,"column":16},"end":{"line":103,"column":22},"skip":true},"29":{"start":{"line":106,"column":16},"end":{"line":106,"column":22},"skip":true},"30":{"start":{"line":108,"column":12},"end":{"line":120,"column":13},"skip":true},"31":{"start":{"line":114,"column":16},"end":{"line":119,"column":17},"skip":true},"32":{"start":{"line":116,"column":20},"end":{"line":116,"column":78},"skip":true},"33":{"start":{"line":118,"column":20},"end":{"line":118,"column":47},"skip":true},"34":{"start":{"line":123,"column":8},"end":{"line":141,"column":11},"skip":true},"35":{"start":{"line":124,"column":12},"end":{"line":124,"column":54},"skip":true},"36":{"start":{"line":125,"column":12},"end":{"line":140,"column":14},"skip":true},"37":{"start":{"line":126,"column":16},"end":{"line":126,"column":28},"skip":true},"38":{"start":{"line":127,"column":16},"end":{"line":127,"column":69},"skip":true},"39":{"start":{"line":128,"column":16},"end":{"line":128,"column":75},"skip":true},"40":{"start":{"line":129,"column":16},"end":{"line":131,"column":17},"skip":true},"41":{"start":{"line":130,"column":20},"end":{"line":130,"column":27},"skip":true},"42":{"start":{"line":133,"column":16},"end":{"line":137,"column":36},"skip":true},"43":{"start":{"line":134,"column":20},"end":{"line":136,"column":55},"skip":true},"44":{"start":{"line":139,"column":16},"end":{"line":139,"column":57},"skip":true},"45":{"start":{"line":143,"column":8},"end":{"line":147,"column":11},"skip":true},"46":{"start":{"line":144,"column":12},"end":{"line":146,"column":15},"skip":true},"47":{"start":{"line":145,"column":16},"end":{"line":145,"column":70},"skip":true},"48":{"start":{"line":149,"column":8},"end":{"line":149,"column":31},"skip":true},"49":{"start":{"line":150,"column":8},"end":{"line":150,"column":14},"skip":true},"50":{"start":{"line":158,"column":8},"end":{"line":158,"column":31},"skip":true},"51":{"start":{"line":160,"column":8},"end":{"line":160,"column":33},"skip":true},"52":{"start":{"line":161,"column":8},"end":{"line":161,"column":37},"skip":true},"53":{"start":{"line":162,"column":8},"end":{"line":162,"column":35},"skip":true},"54":{"start":{"line":164,"column":8},"end":{"line":164,"column":50},"skip":true},"55":{"start":{"line":166,"column":8},"end":{"line":256,"column":2},"skip":true},"56":{"start":{"line":258,"column":8},"end":{"line":286,"column":9},"skip":true},"57":{"start":{"line":259,"column":12},"end":{"line":269,"column":14},"skip":true},"58":{"start":{"line":271,"column":12},"end":{"line":285,"column":19},"skip":true},"59":{"start":{"line":274,"column":20},"end":{"line":274,"column":35},"skip":true},"60":{"start":{"line":275,"column":20},"end":{"line":284,"column":21},"skip":true},"61":{"start":{"line":277,"column":24},"end":{"line":277,"column":64},"skip":true},"62":{"start":{"line":279,"column":24},"end":{"line":279,"column":40},"skip":true},"63":{"start":{"line":281,"column":24},"end":{"line":281,"column":40},"skip":true},"64":{"start":{"line":283,"column":24},"end":{"line":283,"column":39},"skip":true},"65":{"start":{"line":288,"column":8},"end":{"line":290,"column":9},"skip":true},"66":{"start":{"line":289,"column":12},"end":{"line":289,"column":18},"skip":true},"67":{"start":{"line":291,"column":8},"end":{"line":293,"column":54},"skip":true},"68":{"start":{"line":296,"column":8},"end":{"line":301,"column":37},"skip":true},"69":{"start":{"line":303,"column":8},"end":{"line":303,"column":82},"skip":true},"70":{"start":{"line":306,"column":8},"end":{"line":308,"column":9},"skip":true},"71":{"start":{"line":307,"column":12},"end":{"line":307,"column":82},"skip":true},"72":{"start":{"line":310,"column":8},"end":{"line":312,"column":9},"skip":true},"73":{"start":{"line":311,"column":12},"end":{"line":311,"column":18},"skip":true},"74":{"start":{"line":313,"column":8},"end":{"line":313,"column":54},"skip":true},"75":{"start":{"line":314,"column":8},"end":{"line":314,"column":69},"skip":true},"76":{"start":{"line":315,"column":8},"end":{"line":323,"column":36},"skip":true},"77":{"start":{"line":316,"column":12},"end":{"line":316,"column":61},"skip":true},"78":{"start":{"line":317,"column":12},"end":{"line":320,"column":13},"skip":true},"79":{"start":{"line":318,"column":16},"end":{"line":318,"column":75},"skip":true},"80":{"start":{"line":319,"column":16},"end":{"line":319,"column":23},"skip":true},"81":{"start":{"line":321,"column":12},"end":{"line":321,"column":38},"skip":true},"82":{"start":{"line":322,"column":12},"end":{"line":322,"column":27},"skip":true},"83":{"start":{"line":324,"column":8},"end":{"line":324,"column":14},"skip":true}},"branchMap":{"1":{"line":39,"type":"binary-expr","locations":[{"start":{"line":39,"column":23},"end":{"line":39,"column":62}},{"start":{"line":40,"column":20},"end":{"line":40,"column":70}},{"start":{"line":41,"column":20},"end":{"line":41,"column":71}},{"start":{"line":42,"column":20},"end":{"line":42,"column":29}}]},"2":{"line":44,"type":"binary-expr","locations":[{"start":{"line":44,"column":23},"end":{"line":44,"column":37}},{"start":{"line":45,"column":20},"end":{"line":45,"column":61}},{"start":{"line":46,"column":20},"end":{"line":46,"column":70}},{"start":{"line":47,"column":20},"end":{"line":47,"column":26}}]},"3":{"line":51,"type":"cond-expr","locations":[{"start":{"line":52,"column":14},"end":{"line":52,"column":20}},{"start":{"line":53,"column":14},"end":{"line":53,"column":20}}]},"4":{"line":55,"type":"binary-expr","locations":[{"start":{"line":55,"column":16},"end":{"line":55,"column":44}},{"start":{"line":55,"column":49},"end":{"line":57,"column":43}}]},"5":{"line":55,"type":"cond-expr","locations":[{"start":{"line":56,"column":14},"end":{"line":56,"column":48}},{"start":{"line":57,"column":14},"end":{"line":57,"column":43}}]},"6":{"line":61,"type":"switch","locations":[{"start":{"line":68,"column":4},"end":{"line":150,"column":14},"skip":true},{"start":{"line":156,"column":4},"end":{"line":324,"column":14},"skip":true}]},"7":{"line":70,"type":"if","locations":[{"start":{"line":70,"column":12},"end":{"line":70,"column":12},"skip":true},{"start":{"line":70,"column":12},"end":{"line":70,"column":12},"skip":true}]},"8":{"line":70,"type":"binary-expr","locations":[{"start":{"line":70,"column":16},"end":{"line":70,"column":22},"skip":true},{"start":{"line":70,"column":27},"end":{"line":70,"column":32},"skip":true},{"start":{"line":71,"column":20},"end":{"line":71,"column":39},"skip":true},{"start":{"line":72,"column":20},"end":{"line":72,"column":49},"skip":true},{"start":{"line":73,"column":20},"end":{"line":73,"column":58},"skip":true},{"start":{"line":74,"column":20},"end":{"line":74,"column":69},"skip":true}]},"9":{"line":79,"type":"switch","locations":[{"start":{"line":80,"column":20},"end":{"line":80,"column":33},"skip":true},{"start":{"line":81,"column":20},"end":{"line":83,"column":30},"skip":true},{"start":{"line":84,"column":20},"end":{"line":85,"column":49},"skip":true}]},"10":{"line":89,"type":"switch","locations":[{"start":{"line":90,"column":12},"end":{"line":103,"column":22},"skip":true},{"start":{"line":105,"column":12},"end":{"line":106,"column":22},"skip":true}]},"11":{"line":89,"type":"binary-expr","locations":[{"start":{"line":89,"column":20},"end":{"line":89,"column":25},"skip":true},{"start":{"line":89,"column":29},"end":{"line":89,"column":48},"skip":true},{"start":{"line":89,"column":52},"end":{"line":89,"column":74},"skip":true}]},"12":{"line":92,"type":"if","locations":[{"start":{"line":92,"column":16},"end":{"line":92,"column":16},"skip":true},{"start":{"line":92,"column":16},"end":{"line":92,"column":16},"skip":true}]},"13":{"line":108,"type":"if","locations":[{"start":{"line":108,"column":12},"end":{"line":108,"column":12},"skip":true},{"start":{"line":108,"column":12},"end":{"line":108,"column":12},"skip":true}]},"14":{"line":108,"type":"binary-expr","locations":[{"start":{"line":108,"column":16},"end":{"line":108,"column":61},"skip":true},{"start":{"line":108,"column":66},"end":{"line":108,"column":72},"skip":true},{"start":{"line":108,"column":77},"end":{"line":108,"column":82},"skip":true},{"start":{"line":109,"column":20},"end":{"line":109,"column":39},"skip":true},{"start":{"line":110,"column":20},"end":{"line":110,"column":49},"skip":true},{"start":{"line":111,"column":20},"end":{"line":111,"column":58},"skip":true},{"start":{"line":112,"column":20},"end":{"line":112,"column":68},"skip":true}]},"15":{"line":129,"type":"if","locations":[{"start":{"line":129,"column":16},"end":{"line":129,"column":16},"skip":true},{"start":{"line":129,"column":16},"end":{"line":129,"column":16},"skip":true}]},"16":{"line":134,"type":"cond-expr","locations":[{"start":{"line":135,"column":26},"end":{"line":135,"column":29},"skip":true},{"start":{"line":136,"column":26},"end":{"line":136,"column":54},"skip":true}]},"17":{"line":164,"type":"binary-expr","locations":[{"start":{"line":164,"column":27},"end":{"line":164,"column":43},"skip":true},{"start":{"line":164,"column":47},"end":{"line":164,"column":49},"skip":true}]},"18":{"line":258,"type":"if","locations":[{"start":{"line":258,"column":8},"end":{"line":258,"column":8},"skip":true},{"start":{"line":258,"column":8},"end":{"line":258,"column":8},"skip":true}]},"19":{"line":275,"type":"switch","locations":[{"start":{"line":276,"column":20},"end":{"line":277,"column":64},"skip":true},{"start":{"line":278,"column":20},"end":{"line":279,"column":40},"skip":true},{"start":{"line":280,"column":20},"end":{"line":281,"column":40},"skip":true},{"start":{"line":282,"column":20},"end":{"line":283,"column":39},"skip":true}]},"20":{"line":288,"type":"if","locations":[{"start":{"line":288,"column":8},"end":{"line":288,"column":8},"skip":true},{"start":{"line":288,"column":8},"end":{"line":288,"column":8},"skip":true}]},"21":{"line":288,"type":"binary-expr","locations":[{"start":{"line":288,"column":12},"end":{"line":288,"column":40},"skip":true},{"start":{"line":288,"column":44},"end":{"line":288,"column":67},"skip":true}]},"22":{"line":292,"type":"binary-expr","locations":[{"start":{"line":292,"column":12},"end":{"line":292,"column":50},"skip":true},{"start":{"line":293,"column":12},"end":{"line":293,"column":53},"skip":true}]},"23":{"line":297,"type":"binary-expr","locations":[{"start":{"line":297,"column":12},"end":{"line":297,"column":62},"skip":true},{"start":{"line":298,"column":12},"end":{"line":301,"column":36},"skip":true}]},"24":{"line":303,"type":"binary-expr","locations":[{"start":{"line":303,"column":43},"end":{"line":303,"column":75},"skip":true},{"start":{"line":303,"column":79},"end":{"line":303,"column":81},"skip":true}]},"25":{"line":306,"type":"if","locations":[{"start":{"line":306,"column":8},"end":{"line":306,"column":8},"skip":true},{"start":{"line":306,"column":8},"end":{"line":306,"column":8},"skip":true}]},"26":{"line":310,"type":"if","locations":[{"start":{"line":310,"column":8},"end":{"line":310,"column":8},"skip":true},{"start":{"line":310,"column":8},"end":{"line":310,"column":8},"skip":true}]},"27":{"line":313,"type":"binary-expr","locations":[{"start":{"line":313,"column":27},"end":{"line":313,"column":43},"skip":true},{"start":{"line":313,"column":47},"end":{"line":313,"column":53},"skip":true}]},"28":{"line":317,"type":"if","locations":[{"start":{"line":317,"column":12},"end":{"line":317,"column":12},"skip":true},{"start":{"line":317,"column":12},"end":{"line":317,"column":12},"skip":true}]}},"code":["/*","example.js","","quickstart example","","instruction","    1. save this script as example.js","    2. run the shell command:","        $ npm install npmtest-pino && PORT=8081 node example.js","    3. play with the browser-demo on http://127.0.0.1:8081","*/","","","","/* istanbul instrument in package npmtest_pino */","/*jslint","    bitwise: true,","    browser: true,","    maxerr: 8,","    maxlen: 96,","    node: true,","    nomen: true,","    regexp: true,","    stupid: true","*/","(function () {","    'use strict';","    var local;","","","","    // run shared js-env code - init-before","    (function () {","        // init local","        local = {};","        // init modeJs","        local.modeJs = (function () {","            try {","                return typeof navigator.userAgent === 'string' &&","                    typeof document.querySelector('body') === 'object' &&","                    typeof XMLHttpRequest.prototype.open === 'function' &&","                    'browser';","            } catch (errorCaughtBrowser) {","                return module.exports &&","                    typeof process.versions.node === 'string' &&","                    typeof require('http').createServer === 'function' &&","                    'node';","            }","        }());","        // init global","        local.global = local.modeJs === 'browser'","            ? window","            : global;","        // init utility2_rollup","        local = local.global.utility2_rollup || (local.modeJs === 'browser'","            ? local.global.utility2_npmtest_pino","            : global.utility2_moduleExports);","        // export local","        local.global.local = local;","    }());","    switch (local.modeJs) {","","","","    // init-after","    // run browser js-env code - init-after","    /* istanbul ignore next */","    case 'browser':","        local.testRunBrowser = function (event) {","            if (!event || (event &&","                    event.currentTarget &&","                    event.currentTarget.className &&","                    event.currentTarget.className.includes &&","                    event.currentTarget.className.includes('onreset'))) {","                // reset output","                Array.from(","                    document.querySelectorAll('body > .resettable')","                ).forEach(function (element) {","                    switch (element.tagName) {","                    case 'INPUT':","                    case 'TEXTAREA':","                        element.value = '';","                        break;","                    default:","                        element.textContent = '';","                    }","                });","            }","            switch (event && event.currentTarget && event.currentTarget.id) {","            case 'testRunButton1':","                // show tests","                if (document.querySelector('#testReportDiv1').style.display === 'none') {","                    document.querySelector('#testReportDiv1').style.display = 'block';","                    document.querySelector('#testRunButton1').textContent =","                        'hide internal test';","                    local.modeTest = true;","                    local.testRunDefault(local);","                // hide tests","                } else {","                    document.querySelector('#testReportDiv1').style.display = 'none';","                    document.querySelector('#testRunButton1').textContent = 'run internal test';","                }","                break;","            // custom-case","            default:","                break;","            }","            if (document.querySelector('#inputTextareaEval1') && (!event || (event &&","                    event.currentTarget &&","                    event.currentTarget.className &&","                    event.currentTarget.className.includes &&","                    event.currentTarget.className.includes('oneval')))) {","                // try to eval input-code","                try {","                    /*jslint evil: true*/","                    eval(document.querySelector('#inputTextareaEval1').value);","                } catch (errorCaught) {","                    console.error(errorCaught);","                }","            }","        };","        // log stderr and stdout to #outputTextareaStdout1","        ['error', 'log'].forEach(function (key) {","            console[key + '_original'] = console[key];","            console[key] = function () {","                var element;","                console[key + '_original'].apply(console, arguments);","                element = document.querySelector('#outputTextareaStdout1');","                if (!element) {","                    return;","                }","                // append text to #outputTextareaStdout1","                element.value += Array.from(arguments).map(function (arg) {","                    return typeof arg === 'string'","                        ? arg","                        : JSON.stringify(arg, null, 4);","                }).join(' ') + '\\n';","                // scroll textarea to bottom","                element.scrollTop = element.scrollHeight;","            };","        });","        // init event-handling","        ['change', 'click', 'keyup'].forEach(function (event) {","            Array.from(document.querySelectorAll('.on' + event)).forEach(function (element) {","                element.addEventListener(event, local.testRunBrowser);","            });","        });","        // run tests","        local.testRunBrowser();","        break;","","","","    // run node js-env code - init-after","    /* istanbul ignore next */","    case 'node':","        // export local","        module.exports = local;","        // require modules","        local.fs = require('fs');","        local.http = require('http');","        local.url = require('url');","        // init assets","        local.assetsDict = local.assetsDict || {};","        /* jslint-ignore-begin */","        local.assetsDict['/assets.index.template.html'] = '\\","<!doctype html>\\n\\","<html lang=\"en\">\\n\\","<head>\\n\\","<meta charset=\"UTF-8\">\\n\\","<meta name=\"viewport\" content=\"width=device-width, initial-scale=1\">\\n\\","<title>{{env.npm_package_name}} (v{{env.npm_package_version}})</title>\\n\\","<style>\\n\\","/*csslint\\n\\","    box-sizing: false,\\n\\","    universal-selector: false\\n\\","*/\\n\\","* {\\n\\","    box-sizing: border-box;\\n\\","}\\n\\","body {\\n\\","    background: #dde;\\n\\","    font-family: Arial, Helvetica, sans-serif;\\n\\","    margin: 2rem;\\n\\","}\\n\\","body > * {\\n\\","    margin-bottom: 1rem;\\n\\","}\\n\\",".utility2FooterDiv {\\n\\","    margin-top: 20px;\\n\\","    text-align: center;\\n\\","}\\n\\","</style>\\n\\","<style>\\n\\","/*csslint\\n\\","*/\\n\\","textarea {\\n\\","    font-family: monospace;\\n\\","    height: 10rem;\\n\\","    width: 100%;\\n\\","}\\n\\","textarea[readonly] {\\n\\","    background: #ddd;\\n\\","}\\n\\","</style>\\n\\","</head>\\n\\","<body>\\n\\","<!-- utility2-comment\\n\\","<div id=\"ajaxProgressDiv1\" style=\"background: #d00; height: 2px; left: 0; margin: 0; padding: 0; position: fixed; top: 0; transition: background 0.5s, width 1.5s; width: 25%;\"></div>\\n\\","utility2-comment -->\\n\\","<h1>\\n\\","<!-- utility2-comment\\n\\","    <a\\n\\","        {{#if env.npm_package_homepage}}\\n\\","        href=\"{{env.npm_package_homepage}}\"\\n\\","        {{/if env.npm_package_homepage}}\\n\\","        target=\"_blank\"\\n\\","    >\\n\\","utility2-comment -->\\n\\","        {{env.npm_package_name}} (v{{env.npm_package_version}})\\n\\","<!-- utility2-comment\\n\\","    </a>\\n\\","utility2-comment -->\\n\\","</h1>\\n\\","<h3>{{env.npm_package_description}}</h3>\\n\\","<!-- utility2-comment\\n\\","<h4><a download href=\"assets.app.js\">download standalone app</a></h4>\\n\\","<button class=\"onclick onreset\" id=\"testRunButton1\">run internal test</button><br>\\n\\","<div id=\"testReportDiv1\" style=\"display: none;\"></div>\\n\\","utility2-comment -->\\n\\","\\n\\","\\n\\","\\n\\","<label>stderr and stdout</label>\\n\\","<textarea class=\"resettable\" id=\"outputTextareaStdout1\" readonly></textarea>\\n\\","<!-- utility2-comment\\n\\","{{#if isRollup}}\\n\\","<script src=\"assets.app.js\"></script>\\n\\","{{#unless isRollup}}\\n\\","utility2-comment -->\\n\\","<script src=\"assets.utility2.rollup.js\"></script>\\n\\","<script src=\"jsonp.utility2._stateInit?callback=window.utility2._stateInit\"></script>\\n\\","<script src=\"assets.npmtest_pino.rollup.js\"></script>\\n\\","<script src=\"assets.example.js\"></script>\\n\\","<script src=\"assets.test.js\"></script>\\n\\","<!-- utility2-comment\\n\\","{{/if isRollup}}\\n\\","utility2-comment -->\\n\\","<div class=\"utility2FooterDiv\">\\n\\","    [ this app was created with\\n\\","    <a href=\"https://github.com/kaizhu256/node-utility2\" target=\"_blank\">utility2</a>\\n\\","    ]\\n\\","</div>\\n\\","</body>\\n\\","</html>\\n\\","';","        /* jslint-ignore-end */","        if (local.templateRender) {","            local.assetsDict['/'] = local.templateRender(","                local.assetsDict['/assets.index.template.html'],","                {","                    env: local.objectSetDefault(local.env, {","                        npm_package_description: 'the greatest app in the world!',","                        npm_package_name: 'my-app',","                        npm_package_nameAlias: 'my_app',","                        npm_package_version: '0.0.1'","                    })","                }","            );","        } else {","            local.assetsDict['/'] = local.assetsDict['/assets.index.template.html']","                .replace((/\\{\\{env\\.(\\w+?)\\}\\}/g), function (match0, match1) {","                    // jslint-hack","                    String(match0);","                    switch (match1) {","                    case 'npm_package_description':","                        return 'the greatest app in the world!';","                    case 'npm_package_name':","                        return 'my-app';","                    case 'npm_package_nameAlias':","                        return 'my_app';","                    case 'npm_package_version':","                        return '0.0.1';","                    }","                });","        }","        // run the cli","        if (local.global.utility2_rollup || module !== require.main) {","            break;","        }","        local.assetsDict['/assets.example.js'] =","            local.assetsDict['/assets.example.js'] ||","            local.fs.readFileSync(__filename, 'utf8');","        // bug-workaround - long $npm_package_buildCustomOrg","        /* jslint-ignore-begin */","        local.assetsDict['/assets.npmtest_pino.rollup.js'] =","            local.assetsDict['/assets.npmtest_pino.rollup.js'] ||","            local.fs.readFileSync(","                local.npmtest_pino.__dirname + '/lib.npmtest_pino.js',","                'utf8'","            ).replace((/^#!/), '//');","        /* jslint-ignore-end */","        local.assetsDict['/favicon.ico'] = local.assetsDict['/favicon.ico'] || '';","        // if $npm_config_timeout_exit exists,","        // then exit this process after $npm_config_timeout_exit ms","        if (Number(process.env.npm_config_timeout_exit)) {","            setTimeout(process.exit, Number(process.env.npm_config_timeout_exit));","        }","        // start server","        if (local.global.utility2_serverHttp1) {","            break;","        }","        process.env.PORT = process.env.PORT || '8081';","        console.error('server starting on port ' + process.env.PORT);","        local.http.createServer(function (request, response) {","            request.urlParsed = local.url.parse(request.url);","            if (local.assetsDict[request.urlParsed.pathname] !== undefined) {","                response.end(local.assetsDict[request.urlParsed.pathname]);","                return;","            }","            response.statusCode = 404;","            response.end();","        }).listen(process.env.PORT);","        break;","    }","}());",""],"l":{"26":2,"28":2,"33":2,"35":2,"37":2,"38":2,"39":2,"44":1,"51":2,"55":2,"59":2,"61":2,"69":1,"70":2,"76":2,"79":2,"82":2,"83":2,"85":1,"89":2,"92":1,"93":1,"94":1,"96":1,"97":1,"100":1,"101":1,"103":1,"106":1,"108":2,"114":1,"116":1,"118":1,"123":1,"124":2,"125":2,"126":3,"127":3,"128":3,"129":3,"130":1,"133":3,"134":3,"139":3,"143":1,"144":3,"145":1,"149":1,"150":1,"158":1,"160":1,"161":1,"162":1,"164":1,"166":1,"258":1,"259":1,"271":1,"274":6,"275":6,"277":1,"279":2,"281":1,"283":2,"288":1,"289":1,"291":1,"296":1,"303":1,"306":1,"307":1,"310":1,"311":1,"313":1,"314":1,"315":1,"316":1,"317":1,"318":1,"319":1,"321":1,"322":1,"324":1}},"/home/travis/build/npmtest/node-npmtest-pino/node_modules/pino/pino.js":{"path":"/home/travis/build/npmtest/node-npmtest-pino/node_modules/pino/pino.js","s":{"1":1,"2":1,"3":1,"4":1,"5":1,"6":1,"7":1,"8":1,"9":1,"10":1,"11":1,"12":1,"13":0,"14":0,"15":0,"16":1,"17":1,"18":1,"19":6,"20":1,"21":0,"22":1,"23":0,"24":0,"25":0,"26":0,"27":0,"28":0,"29":0,"30":0,"31":0,"32":0,"33":1,"34":1,"35":0,"36":0,"37":0,"38":0,"39":0,"40":0,"41":0,"42":1,"43":1,"44":0,"45":1,"46":1,"47":1,"48":1,"49":0,"50":0,"51":0,"52":0,"53":0,"54":0,"55":0,"56":0,"57":0,"58":0,"59":0,"60":0,"61":0,"62":0,"63":0,"64":0,"65":0,"66":1,"67":1,"68":0,"69":0,"70":0,"71":0,"72":0,"73":0,"74":0,"75":0,"76":0,"77":0,"78":0,"79":0,"80":0,"81":0,"82":0,"83":0,"84":1,"85":1,"86":0,"87":0,"88":0,"89":0,"90":0,"91":0,"92":0,"93":0,"94":1,"95":1,"96":0,"97":0,"98":0,"99":0,"100":1,"101":1,"102":0,"103":0,"104":0,"105":0,"106":0,"107":0,"108":0,"109":0,"110":0,"111":1,"112":1,"113":0,"114":0,"115":0,"116":0,"117":0,"118":0,"119":0,"120":0,"121":0,"122":0,"123":0,"124":0,"125":0,"126":0,"127":0,"128":0,"129":0,"130":0,"131":0,"132":0,"133":0,"134":0,"135":0,"136":0,"137":0,"138":0,"139":0,"140":0,"141":0,"142":0,"143":0,"144":0,"145":1,"146":0,"147":0,"148":0,"149":0,"150":0,"151":0,"152":0,"153":1,"154":0,"155":0,"156":0,"157":0,"158":0,"159":1,"160":1,"161":1,"162":1,"163":1},"b":{"1":[0,0],"2":[0,0],"3":[0,0],"4":[0,0],"5":[0,0],"6":[0,0],"7":[0,0],"8":[0,0],"9":[0,0],"10":[0,0],"11":[0,0],"12":[0,0],"13":[0,0],"14":[0,0],"15":[0,0,0],"16":[0,0],"17":[0,0],"18":[0,0],"19":[0,0],"20":[0,0,0,0],"21":[0,0],"22":[0,0],"23":[0,0],"24":[0,0],"25":[0,0],"26":[0,0],"27":[0,0],"28":[0,0],"29":[0,0],"30":[0,0],"31":[0,0,0],"32":[0,0],"33":[0,0],"34":[0,0],"35":[0,0],"36":[0,0],"37":[0,0],"38":[0,0],"39":[0,0],"40":[0,0],"41":[0,0],"42":[0,0],"43":[0,0],"44":[0,0],"45":[0,0]},"f":{"1":0,"2":6,"3":0,"4":0,"5":0,"6":0,"7":0,"8":0,"9":0,"10":0,"11":0,"12":0,"13":0,"14":0,"15":0},"fnMap":{"1":{"name":"(anonymous_1)","line":26,"loc":{"start":{"line":26,"column":16},"end":{"line":26,"column":42}}},"2":{"name":"(anonymous_2)","line":50,"loc":{"start":{"line":50,"column":21},"end":{"line":50,"column":34}}},"3":{"name":"getLevelVal","line":58,"loc":{"start":{"line":58,"column":0},"end":{"line":58,"column":24}}},"4":{"name":"setLevelVal","line":61,"loc":{"start":{"line":61,"column":0},"end":{"line":61,"column":27}}},"5":{"name":"_setLevel","line":83,"loc":{"start":{"line":83,"column":0},"end":{"line":83,"column":27}}},"6":{"name":"_getLevel","line":101,"loc":{"start":{"line":101,"column":9},"end":{"line":101,"column":36}}},"7":{"name":"asJson","line":121,"loc":{"start":{"line":121,"column":0},"end":{"line":121,"column":32}}},"8":{"name":"child","line":156,"loc":{"start":{"line":156,"column":0},"end":{"line":156,"column":26}}},"9":{"name":"pinoWrite","line":199,"loc":{"start":{"line":199,"column":0},"end":{"line":199,"column":35}}},"10":{"name":"flush","line":216,"loc":{"start":{"line":216,"column":0},"end":{"line":216,"column":18}}},"11":{"name":"addLevel","line":229,"loc":{"start":{"line":229,"column":0},"end":{"line":229,"column":30}}},"12":{"name":"pino","line":243,"loc":{"start":{"line":243,"column":0},"end":{"line":243,"column":29}}},"13":{"name":"(anonymous_13)","line":257,"loc":{"start":{"line":257,"column":30},"end":{"line":257,"column":45}}},"14":{"name":"waitForFDSettle","line":285,"loc":{"start":{"line":285,"column":2},"end":{"line":285,"column":30}}},"15":{"name":"extremeModeExitHandler","line":296,"loc":{"start":{"line":296,"column":2},"end":{"line":296,"column":37}}}},"statementMap":{"1":{"start":{"line":3,"column":0},"end":{"line":3,"column":50}},"2":{"start":{"line":4,"column":0},"end":{"line":4,"column":49}},"3":{"start":{"line":5,"column":0},"end":{"line":5,"column":22}},"4":{"start":{"line":6,"column":0},"end":{"line":6,"column":26}},"5":{"start":{"line":7,"column":0},"end":{"line":7,"column":32}},"6":{"start":{"line":8,"column":0},"end":{"line":8,"column":32}},"7":{"start":{"line":9,"column":0},"end":{"line":9,"column":36}},"8":{"start":{"line":10,"column":0},"end":{"line":10,"column":36}},"9":{"start":{"line":11,"column":0},"end":{"line":11,"column":34}},"10":{"start":{"line":12,"column":0},"end":{"line":12,"column":46}},"11":{"start":{"line":14,"column":0},"end":{"line":14,"column":19}},"12":{"start":{"line":16,"column":0},"end":{"line":32,"column":1}},"13":{"start":{"line":27,"column":4},"end":{"line":27,"column":35}},"14":{"start":{"line":27,"column":13},"end":{"line":27,"column":35}},"15":{"start":{"line":28,"column":4},"end":{"line":28,"column":19}},"16":{"start":{"line":34,"column":0},"end":{"line":47,"column":2}},"17":{"start":{"line":49,"column":0},"end":{"line":49,"column":71}},"18":{"start":{"line":50,"column":0},"end":{"line":56,"column":2}},"19":{"start":{"line":51,"column":2},"end":{"line":55,"column":4}},"20":{"start":{"line":58,"column":0},"end":{"line":60,"column":1}},"21":{"start":{"line":59,"column":2},"end":{"line":59,"column":23}},"22":{"start":{"line":61,"column":0},"end":{"line":77,"column":1}},"23":{"start":{"line":62,"column":2},"end":{"line":62,"column":61}},"24":{"start":{"line":62,"column":33},"end":{"line":62,"column":60}},"25":{"start":{"line":64,"column":2},"end":{"line":66,"column":3}},"26":{"start":{"line":65,"column":4},"end":{"line":65,"column":111}},"27":{"start":{"line":68,"column":2},"end":{"line":68,"column":22}},"28":{"start":{"line":70,"column":2},"end":{"line":76,"column":3}},"29":{"start":{"line":71,"column":4},"end":{"line":74,"column":5}},"30":{"start":{"line":72,"column":6},"end":{"line":72,"column":28}},"31":{"start":{"line":73,"column":6},"end":{"line":73,"column":14}},"32":{"start":{"line":75,"column":4},"end":{"line":75,"column":104}},"33":{"start":{"line":78,"column":0},"end":{"line":81,"column":2}},"34":{"start":{"line":83,"column":0},"end":{"line":95,"column":1}},"35":{"start":{"line":84,"column":2},"end":{"line":89,"column":3}},"36":{"start":{"line":85,"column":4},"end":{"line":87,"column":5}},"37":{"start":{"line":86,"column":6},"end":{"line":86,"column":43}},"38":{"start":{"line":88,"column":4},"end":{"line":88,"column":37}},"39":{"start":{"line":91,"column":2},"end":{"line":93,"column":3}},"40":{"start":{"line":92,"column":4},"end":{"line":92,"column":41}},"41":{"start":{"line":94,"column":2},"end":{"line":94,"column":43}},"42":{"start":{"line":96,"column":0},"end":{"line":98,"column":2}},"43":{"start":{"line":100,"column":0},"end":{"line":104,"column":2}},"44":{"start":{"line":102,"column":4},"end":{"line":102,"column":44}},"45":{"start":{"line":106,"column":0},"end":{"line":109,"column":2}},"46":{"start":{"line":111,"column":0},"end":{"line":113,"column":2}},"47":{"start":{"line":115,"column":0},"end":{"line":119,"column":1}},"48":{"start":{"line":121,"column":0},"end":{"line":150,"column":1}},"49":{"start":{"line":122,"column":2},"end":{"line":124,"column":3}},"50":{"start":{"line":123,"column":4},"end":{"line":123,"column":21}},"51":{"start":{"line":125,"column":2},"end":{"line":125,"column":61}},"52":{"start":{"line":128,"column":2},"end":{"line":130,"column":3}},"53":{"start":{"line":129,"column":4},"end":{"line":129,"column":60}},"54":{"start":{"line":133,"column":2},"end":{"line":133,"column":30}},"55":{"start":{"line":134,"column":2},"end":{"line":134,"column":11}},"56":{"start":{"line":135,"column":2},"end":{"line":148,"column":3}},"57":{"start":{"line":136,"column":4},"end":{"line":138,"column":5}},"58":{"start":{"line":137,"column":6},"end":{"line":137,"column":68}},"59":{"start":{"line":139,"column":4},"end":{"line":147,"column":5}},"60":{"start":{"line":140,"column":6},"end":{"line":140,"column":22}},"61":{"start":{"line":141,"column":6},"end":{"line":146,"column":7}},"62":{"start":{"line":142,"column":8},"end":{"line":142,"column":92}},"63":{"start":{"line":143,"column":8},"end":{"line":145,"column":9}},"64":{"start":{"line":144,"column":10},"end":{"line":144,"column":43}},"65":{"start":{"line":149,"column":2},"end":{"line":149,"column":24}},"66":{"start":{"line":151,"column":0},"end":{"line":154,"column":2}},"67":{"start":{"line":156,"column":0},"end":{"line":193,"column":1}},"68":{"start":{"line":157,"column":2},"end":{"line":159,"column":3}},"69":{"start":{"line":158,"column":4},"end":{"line":158,"column":50}},"70":{"start":{"line":161,"column":2},"end":{"line":161,"column":16}},"71":{"start":{"line":162,"column":2},"end":{"line":162,"column":11}},"72":{"start":{"line":163,"column":2},"end":{"line":163,"column":9}},"73":{"start":{"line":164,"column":2},"end":{"line":170,"column":3}},"74":{"start":{"line":165,"column":4},"end":{"line":165,"column":25}},"75":{"start":{"line":166,"column":4},"end":{"line":169,"column":5}},"76":{"start":{"line":167,"column":6},"end":{"line":167,"column":74}},"77":{"start":{"line":168,"column":6},"end":{"line":168,"column":60}},"78":{"start":{"line":171,"column":2},"end":{"line":171,"column":57}},"79":{"start":{"line":173,"column":2},"end":{"line":187,"column":3}},"80":{"start":{"line":189,"column":2},"end":{"line":189,"column":34}},"81":{"start":{"line":190,"column":2},"end":{"line":190,"column":29}},"82":{"start":{"line":191,"column":2},"end":{"line":191,"column":39}},"83":{"start":{"line":192,"column":2},"end":{"line":192,"column":15}},"84":{"start":{"line":194,"column":0},"end":{"line":197,"column":2}},"85":{"start":{"line":199,"column":0},"end":{"line":211,"column":1}},"86":{"start":{"line":200,"column":2},"end":{"line":200,"column":36}},"87":{"start":{"line":201,"column":2},"end":{"line":204,"column":3}},"88":{"start":{"line":202,"column":4},"end":{"line":202,"column":33}},"89":{"start":{"line":203,"column":4},"end":{"line":203,"column":10}},"90":{"start":{"line":206,"column":2},"end":{"line":206,"column":21}},"91":{"start":{"line":207,"column":2},"end":{"line":210,"column":3}},"92":{"start":{"line":208,"column":4},"end":{"line":208,"column":46}},"93":{"start":{"line":209,"column":4},"end":{"line":209,"column":23}},"94":{"start":{"line":212,"column":0},"end":{"line":214,"column":2}},"95":{"start":{"line":216,"column":0},"end":{"line":223,"column":1}},"96":{"start":{"line":217,"column":2},"end":{"line":219,"column":3}},"97":{"start":{"line":218,"column":4},"end":{"line":218,"column":10}},"98":{"start":{"line":221,"column":2},"end":{"line":221,"column":44}},"99":{"start":{"line":222,"column":2},"end":{"line":222,"column":21}},"100":{"start":{"line":224,"column":0},"end":{"line":227,"column":2}},"101":{"start":{"line":229,"column":0},"end":{"line":237,"column":1}},"102":{"start":{"line":230,"column":2},"end":{"line":230,"column":59}},"103":{"start":{"line":230,"column":47},"end":{"line":230,"column":59}},"104":{"start":{"line":231,"column":2},"end":{"line":231,"column":58}},"105":{"start":{"line":231,"column":46},"end":{"line":231,"column":58}},"106":{"start":{"line":232,"column":2},"end":{"line":232,"column":32}},"107":{"start":{"line":233,"column":2},"end":{"line":233,"column":32}},"108":{"start":{"line":234,"column":2},"end":{"line":234,"column":56}},"109":{"start":{"line":235,"column":2},"end":{"line":235,"column":32}},"110":{"start":{"line":236,"column":2},"end":{"line":236,"column":13}},"111":{"start":{"line":238,"column":0},"end":{"line":241,"column":2}},"112":{"start":{"line":243,"column":0},"end":{"line":308,"column":1}},"113":{"start":{"line":244,"column":2},"end":{"line":244,"column":18}},"114":{"start":{"line":245,"column":2},"end":{"line":245,"column":22}},"115":{"start":{"line":246,"column":2},"end":{"line":249,"column":3}},"116":{"start":{"line":247,"column":4},"end":{"line":247,"column":19}},"117":{"start":{"line":248,"column":4},"end":{"line":248,"column":26}},"118":{"start":{"line":250,"column":2},"end":{"line":250,"column":50}},"119":{"start":{"line":251,"column":2},"end":{"line":251,"column":99}},"120":{"start":{"line":251,"column":42},"end":{"line":251,"column":99}},"121":{"start":{"line":252,"column":2},"end":{"line":252,"column":37}},"122":{"start":{"line":253,"column":2},"end":{"line":261,"column":3}},"123":{"start":{"line":254,"column":4},"end":{"line":254,"column":87}},"124":{"start":{"line":255,"column":4},"end":{"line":255,"column":36}},"125":{"start":{"line":256,"column":4},"end":{"line":256,"column":28}},"126":{"start":{"line":257,"column":4},"end":{"line":259,"column":6}},"127":{"start":{"line":258,"column":6},"end":{"line":258,"column":42}},"128":{"start":{"line":258,"column":15},"end":{"line":258,"column":42}},"129":{"start":{"line":260,"column":4},"end":{"line":260,"column":21}},"130":{"start":{"line":264,"column":2},"end":{"line":264,"column":63}},"131":{"start":{"line":265,"column":2},"end":{"line":265,"column":35}},"132":{"start":{"line":266,"column":2},"end":{"line":266,"column":52}},"133":{"start":{"line":267,"column":2},"end":{"line":267,"column":43}},"134":{"start":{"line":268,"column":2},"end":{"line":271,"column":3}},"135":{"start":{"line":272,"column":2},"end":{"line":272,"column":22}},"136":{"start":{"line":274,"column":2},"end":{"line":276,"column":3}},"137":{"start":{"line":275,"column":4},"end":{"line":275,"column":26}},"138":{"start":{"line":278,"column":2},"end":{"line":278,"column":45}},"139":{"start":{"line":279,"column":2},"end":{"line":279,"column":27}},"140":{"start":{"line":280,"column":2},"end":{"line":280,"column":38}},"141":{"start":{"line":281,"column":2},"end":{"line":281,"column":42}},"142":{"start":{"line":282,"column":2},"end":{"line":282,"column":51}},"143":{"start":{"line":282,"column":19},"end":{"line":282,"column":51}},"144":{"start":{"line":284,"column":2},"end":{"line":284,"column":21}},"145":{"start":{"line":285,"column":2},"end":{"line":294,"column":3}},"146":{"start":{"line":286,"column":4},"end":{"line":286,"column":54}},"147":{"start":{"line":287,"column":4},"end":{"line":291,"column":5}},"148":{"start":{"line":288,"column":6},"end":{"line":288,"column":96}},"149":{"start":{"line":289,"column":11},"end":{"line":291,"column":5}},"150":{"start":{"line":290,"column":6},"end":{"line":290,"column":53}},"151":{"start":{"line":292,"column":4},"end":{"line":292,"column":20}},"152":{"start":{"line":293,"column":4},"end":{"line":293,"column":36}},"153":{"start":{"line":296,"column":2},"end":{"line":305,"column":3}},"154":{"start":{"line":297,"column":4},"end":{"line":297,"column":29}},"155":{"start":{"line":298,"column":4},"end":{"line":304,"column":5}},"156":{"start":{"line":302,"column":6},"end":{"line":302,"column":61}},"157":{"start":{"line":303,"column":6},"end":{"line":303,"column":27}},"158":{"start":{"line":307,"column":2},"end":{"line":307,"column":17}},"159":{"start":{"line":310,"column":0},"end":{"line":310,"column":32}},"160":{"start":{"line":312,"column":0},"end":{"line":312,"column":21}},"161":{"start":{"line":313,"column":0},"end":{"line":317,"column":1}},"162":{"start":{"line":318,"column":0},"end":{"line":318,"column":30}},"163":{"start":{"line":319,"column":0},"end":{"line":323,"column":1}}},"branchMap":{"1":{"line":27,"type":"if","locations":[{"start":{"line":27,"column":4},"end":{"line":27,"column":4}},{"start":{"line":27,"column":4},"end":{"line":27,"column":4}}]},"2":{"line":62,"type":"if","locations":[{"start":{"line":62,"column":2},"end":{"line":62,"column":2}},{"start":{"line":62,"column":2},"end":{"line":62,"column":2}}]},"3":{"line":64,"type":"if","locations":[{"start":{"line":64,"column":2},"end":{"line":64,"column":2}},{"start":{"line":64,"column":2},"end":{"line":64,"column":2}}]},"4":{"line":71,"type":"if","locations":[{"start":{"line":71,"column":4},"end":{"line":71,"column":4}},{"start":{"line":71,"column":4},"end":{"line":71,"column":4}}]},"5":{"line":75,"type":"cond-expr","locations":[{"start":{"line":75,"column":46},"end":{"line":75,"column":64}},{"start":{"line":75,"column":67},"end":{"line":75,"column":104}}]},"6":{"line":84,"type":"if","locations":[{"start":{"line":84,"column":2},"end":{"line":84,"column":2}},{"start":{"line":84,"column":2},"end":{"line":84,"column":2}}]},"7":{"line":85,"type":"if","locations":[{"start":{"line":85,"column":4},"end":{"line":85,"column":4}},{"start":{"line":85,"column":4},"end":{"line":85,"column":4}}]},"8":{"line":91,"type":"if","locations":[{"start":{"line":91,"column":2},"end":{"line":91,"column":2}},{"start":{"line":91,"column":2},"end":{"line":91,"column":2}}]},"9":{"line":122,"type":"if","locations":[{"start":{"line":122,"column":2},"end":{"line":122,"column":2}},{"start":{"line":122,"column":2},"end":{"line":122,"column":2}}]},"10":{"line":122,"type":"binary-expr","locations":[{"start":{"line":122,"column":6},"end":{"line":122,"column":10}},{"start":{"line":122,"column":14},"end":{"line":122,"column":34}}]},"11":{"line":128,"type":"if","locations":[{"start":{"line":128,"column":2},"end":{"line":128,"column":2}},{"start":{"line":128,"column":2},"end":{"line":128,"column":2}}]},"12":{"line":135,"type":"if","locations":[{"start":{"line":135,"column":2},"end":{"line":135,"column":2}},{"start":{"line":135,"column":2},"end":{"line":135,"column":2}}]},"13":{"line":136,"type":"if","locations":[{"start":{"line":136,"column":4},"end":{"line":136,"column":4}},{"start":{"line":136,"column":4},"end":{"line":136,"column":4}}]},"14":{"line":141,"type":"if","locations":[{"start":{"line":141,"column":6},"end":{"line":141,"column":6}},{"start":{"line":141,"column":6},"end":{"line":141,"column":6}}]},"15":{"line":141,"type":"binary-expr","locations":[{"start":{"line":141,"column":11},"end":{"line":141,"column":30}},{"start":{"line":141,"column":34},"end":{"line":141,"column":57}},{"start":{"line":141,"column":62},"end":{"line":141,"column":81}}]},"16":{"line":142,"type":"cond-expr","locations":[{"start":{"line":142,"column":55},"end":{"line":142,"column":83}},{"start":{"line":142,"column":86},"end":{"line":142,"column":91}}]},"17":{"line":143,"type":"if","locations":[{"start":{"line":143,"column":8},"end":{"line":143,"column":8}},{"start":{"line":143,"column":8},"end":{"line":143,"column":8}}]},"18":{"line":157,"type":"if","locations":[{"start":{"line":157,"column":2},"end":{"line":157,"column":2}},{"start":{"line":157,"column":2},"end":{"line":157,"column":2}}]},"19":{"line":166,"type":"if","locations":[{"start":{"line":166,"column":4},"end":{"line":166,"column":4}},{"start":{"line":166,"column":4},"end":{"line":166,"column":4}}]},"20":{"line":166,"type":"binary-expr","locations":[{"start":{"line":166,"column":8},"end":{"line":166,"column":23}},{"start":{"line":166,"column":27},"end":{"line":166,"column":48}},{"start":{"line":166,"column":52},"end":{"line":166,"column":80}},{"start":{"line":166,"column":84},"end":{"line":166,"column":103}}]},"21":{"line":167,"type":"cond-expr","locations":[{"start":{"line":167,"column":38},"end":{"line":167,"column":66}},{"start":{"line":167,"column":69},"end":{"line":167,"column":74}}]},"22":{"line":174,"type":"binary-expr","locations":[{"start":{"line":174,"column":11},"end":{"line":174,"column":25}},{"start":{"line":174,"column":29},"end":{"line":174,"column":39}}]},"23":{"line":175,"type":"cond-expr","locations":[{"start":{"line":175,"column":57},"end":{"line":175,"column":66}},{"start":{"line":175,"column":69},"end":{"line":175,"column":82}}]},"24":{"line":176,"type":"cond-expr","locations":[{"start":{"line":176,"column":58},"end":{"line":176,"column":115}},{"start":{"line":176,"column":118},"end":{"line":176,"column":134}}]},"25":{"line":201,"type":"if","locations":[{"start":{"line":201,"column":2},"end":{"line":201,"column":2}},{"start":{"line":201,"column":2},"end":{"line":201,"column":2}}]},"26":{"line":207,"type":"if","locations":[{"start":{"line":207,"column":2},"end":{"line":207,"column":2}},{"start":{"line":207,"column":2},"end":{"line":207,"column":2}}]},"27":{"line":217,"type":"if","locations":[{"start":{"line":217,"column":2},"end":{"line":217,"column":2}},{"start":{"line":217,"column":2},"end":{"line":217,"column":2}}]},"28":{"line":230,"type":"if","locations":[{"start":{"line":230,"column":2},"end":{"line":230,"column":2}},{"start":{"line":230,"column":2},"end":{"line":230,"column":2}}]},"29":{"line":231,"type":"if","locations":[{"start":{"line":231,"column":2},"end":{"line":231,"column":2}},{"start":{"line":231,"column":2},"end":{"line":231,"column":2}}]},"30":{"line":246,"type":"if","locations":[{"start":{"line":246,"column":2},"end":{"line":246,"column":2}},{"start":{"line":246,"column":2},"end":{"line":246,"column":2}}]},"31":{"line":246,"type":"binary-expr","locations":[{"start":{"line":246,"column":6},"end":{"line":246,"column":11}},{"start":{"line":246,"column":16},"end":{"line":246,"column":30}},{"start":{"line":246,"column":34},"end":{"line":246,"column":54}}]},"32":{"line":251,"type":"if","locations":[{"start":{"line":251,"column":2},"end":{"line":251,"column":2}},{"start":{"line":251,"column":2},"end":{"line":251,"column":2}}]},"33":{"line":251,"type":"binary-expr","locations":[{"start":{"line":251,"column":6},"end":{"line":251,"column":19}},{"start":{"line":251,"column":23},"end":{"line":251,"column":40}}]},"34":{"line":252,"type":"binary-expr","locations":[{"start":{"line":252,"column":12},"end":{"line":252,"column":19}},{"start":{"line":252,"column":23},"end":{"line":252,"column":37}}]},"35":{"line":253,"type":"if","locations":[{"start":{"line":253,"column":2},"end":{"line":253,"column":2}},{"start":{"line":253,"column":2},"end":{"line":253,"column":2}}]},"36":{"line":258,"type":"if","locations":[{"start":{"line":258,"column":6},"end":{"line":258,"column":6}},{"start":{"line":258,"column":6},"end":{"line":258,"column":6}}]},"37":{"line":264,"type":"cond-expr","locations":[{"start":{"line":264,"column":33},"end":{"line":264,"column":46}},{"start":{"line":264,"column":49},"end":{"line":264,"column":63}}]},"38":{"line":268,"type":"cond-expr","locations":[{"start":{"line":268,"column":33},"end":{"line":268,"column":37}},{"start":{"line":268,"column":40},"end":{"line":271,"column":3}}]},"39":{"line":274,"type":"if","locations":[{"start":{"line":274,"column":2},"end":{"line":274,"column":2}},{"start":{"line":274,"column":2},"end":{"line":274,"column":2}}]},"40":{"line":282,"type":"if","locations":[{"start":{"line":282,"column":2},"end":{"line":282,"column":2}},{"start":{"line":282,"column":2},"end":{"line":282,"column":2}}]},"41":{"line":287,"type":"if","locations":[{"start":{"line":287,"column":4},"end":{"line":287,"column":4}},{"start":{"line":287,"column":4},"end":{"line":287,"column":4}}]},"42":{"line":287,"type":"binary-expr","locations":[{"start":{"line":287,"column":8},"end":{"line":287,"column":29}},{"start":{"line":287,"column":33},"end":{"line":287,"column":49}}]},"43":{"line":289,"type":"if","locations":[{"start":{"line":289,"column":11},"end":{"line":289,"column":11}},{"start":{"line":289,"column":11},"end":{"line":289,"column":11}}]},"44":{"line":298,"type":"if","locations":[{"start":{"line":298,"column":4},"end":{"line":298,"column":4}},{"start":{"line":298,"column":4},"end":{"line":298,"column":4}}]},"45":{"line":302,"type":"cond-expr","locations":[{"start":{"line":302,"column":30},"end":{"line":302,"column":40}},{"start":{"line":302,"column":43},"end":{"line":302,"column":61}}]}},"code":["'use strict'","","var stringifySafe = require('fast-safe-stringify')","var EventEmitter = require('events').EventEmitter","var fs = require('fs')","var pump = require('pump')","var flatstr = require('flatstr')","var pretty = require('./pretty')","var events = require('./lib/events')","var levels = require('./lib/levels')","var tools = require('./lib/tools')","var serializers = require('./lib/serializers')","","var LOG_VERSION = 1","","var defaultOptions = {","  safe: true,","  name: undefined,","  serializers: {},","  timestamp: true,","  slowtime: false,","  extreme: false,","  level: 'info',","  levelVal: undefined,","  prettyPrint: false,","  onTerminated: function (eventName, err) {","    if (err) return process.exit(1)","    process.exit(0)","  },","  enabled: true,","  messageKey: 'msg'","}","","var pinoPrototype = Object.create(EventEmitter.prototype, {","  silent: {","    value: tools.noop,","    enumerable: true","  },","  stream: {","    value: process.stdout,","    writable: true","  },","  pino: {","    value: require('./package.json').version,","    enumerable: true","  }","})","","var levelMethods = ['fatal', 'error', 'warn', 'info', 'debug', 'trace']","levelMethods.forEach(function (m) {","  Object.defineProperty(pinoPrototype, m, {","    value: tools.genLog(levels.levels[m]),","    enumerable: true,","    writable: true","  })","})","","function getLevelVal () {","  return this._levelVal","}","function setLevelVal (num) {","  if (typeof num === 'string') { return this._setLevel(num) }","","  if (this.emit) {","    this.emit('level-change', this.levels.labels[num], num, this.levels.labels[this._levelVal], this._levelVal)","  }","","  this._levelVal = num","","  for (var key in this.levels.values) {","    if (num > this.levels.values[key]) {","      this[key] = tools.noop","      continue","    }","    this[key] = levels.isStandardLevel(key) ? pinoPrototype[key] : tools.genLog(this.levels.values[key])","  }","}","Object.defineProperty(pinoPrototype, 'levelVal', {","  get: getLevelVal,","  set: setLevelVal","})","","function _setLevel (level) {","  if (typeof level === 'number') {","    if (!isFinite(level)) {","      throw Error('unknown level ' + level)","    }","    level = this.levels.labels[level]","  }","","  if (!this.levels.values[level]) {","    throw Error('unknown level ' + level)","  }","  this.levelVal = this.levels.values[level]","}","Object.defineProperty(pinoPrototype, '_setLevel', {","  value: _setLevel","})","","Object.defineProperty(pinoPrototype, '_getLevel', {","  value: function _getLevel (level) {","    return this.levels.labels[this.levelVal]","  }","})","","Object.defineProperty(pinoPrototype, 'level', {","  get: pinoPrototype._getLevel,","  set: pinoPrototype._setLevel","})","","Object.defineProperty(pinoPrototype, '_lscache', {","  value: tools.copy({}, levels.lscache)","})","","Object.defineProperty(","  pinoPrototype,","  'LOG_VERSION',","  {value: LOG_VERSION}",")","","function asJson (obj, msg, num) {","  if (!msg && obj instanceof Error) {","    msg = obj.message","  }","  var data = this._baseLog + this._lscache[num] + this.time()","  // to catch both null and undefined","  /* eslint-disable eqeqeq */","  if (msg != undefined) {","    data += this.messageKeyString + JSON.stringify('' + msg)","  }","  // we need the child bindings added to the output first so that logged","  // objects can take precedence when JSON.parse-ing the resulting log line","  data = data + this.chindings","  var value","  if (obj) {","    if (obj.stack) {","      data += ',\"type\":\"Error\",\"stack\":' + this.stringify(obj.stack)","    }","    for (var key in obj) {","      value = obj[key]","      if ((!obj.hasOwnProperty || obj.hasOwnProperty(key)) && value !== undefined) {","        value = this.stringify(this.serializers[key] ? this.serializers[key](value) : value)","        if (value !== undefined) {","          data += ',\"' + key + '\":' + value","        }","      }","    }","  }","  return data + this.end","}","Object.defineProperty(pinoPrototype, 'asJson', {","  enumerable: true,","  value: asJson","})","","function child (bindings) {","  if (!bindings) {","    throw Error('missing bindings for child Pino')","  }","","  var data = ','","  var value","  var key","  for (key in bindings) {","    value = bindings[key]","    if (key !== 'level' && key !== 'serializers' && bindings.hasOwnProperty(key) && value !== undefined) {","      value = this.serializers[key] ? this.serializers[key](value) : value","      data += '\"' + key + '\":' + this.stringify(value) + ','","    }","  }","  data = this.chindings + data.substr(0, data.length - 1)","","  var opts = {","    level: bindings.level || this.level,","    levelVal: levels.isStandardLevelVal(this.levelVal) ? undefined : this.levelVal,","    serializers: bindings.hasOwnProperty('serializers') ? Object.assign({}, this.serializers, bindings.serializers) : this.serializers,","    stringify: this.stringify,","    end: this.end,","    name: this.name,","    timestamp: this.timestamp,","    slowtime: this.slowtime,","    chindings: data,","    cache: this.cache,","    formatOpts: this.formatOpts,","    messageKey: this.messageKey,","    messageKeyString: this.messageKeyString","  }","","  var _child = Object.create(this)","  _child.stream = this.stream","  tools.applyOptions.call(_child, opts)","  return _child","}","Object.defineProperty(pinoPrototype, 'child', {","  enumerable: true,","  value: child","})","","function pinoWrite (obj, msg, num) {","  var s = this.asJson(obj, msg, num)","  if (!this.cache) {","    this.stream.write(flatstr(s))","    return","  }","","  this.cache.buf += s","  if (this.cache.buf.length > this.cache.size) {","    this.stream.write(flatstr(this.cache.buf))","    this.cache.buf = ''","  }","}","Object.defineProperty(pinoPrototype, 'write', {","  value: pinoWrite","})","","function flush () {","  if (!this.cache) {","    return","  }","","  this.stream.write(flatstr(this.cache.buf))","  this.cache.buf = ''","}","Object.defineProperty(pinoPrototype, 'flush', {","  enumerable: true,","  value: flush","})","","function addLevel (name, lvl) {","  if (this.levels.values.hasOwnProperty(name)) return false","  if (this.levels.labels.hasOwnProperty(lvl)) return false","  this.levels.values[name] = lvl","  this.levels.labels[lvl] = name","  this._lscache[lvl] = flatstr('\"level\":' + Number(lvl))","  this[name] = tools.genLog(lvl)","  return true","}","Object.defineProperty(pinoPrototype, 'addLevel', {","  enumerable: true,","  value: addLevel","})","","function pino (opts, stream) {","  var iopts = opts","  var istream = stream","  if (iopts && (iopts.writable || iopts._writableState)) {","    istream = iopts","    iopts = defaultOptions","  }","  iopts = Object.assign({}, defaultOptions, iopts)","  if (iopts.extreme && iopts.prettyPrint) throw Error('cannot enable pretty print in extreme mode')","  istream = istream || process.stdo
[...]
lowTime: getSlowTime","}",""],"l":{"3":1,"4":0,"7":1,"8":0,"11":1,"12":0,"15":1}},"/home/travis/build/npmtest/node-npmtest-pino/node_modules/pino/bin.js":{"path":"/home/travis/build/npmtest/node-npmtest-pino/node_modules/pino/bin.js","s":{"1":1,"2":1,"3":1,"4":0,"5":1,"6":0,"7":1,"8":1,"9":0,"10":1,"11":7,"12":1,"13":1,"14":1,"15":0,"16":0,"17":0,"18":0,"19":0},"b":{"1":[0,1],"2":[1,1],"3":[0,1],"4":[1,1],"5":[1,0],"6":[0,0],"7":[0,0]},"f":{"1":0,"2":7,"3":1},"fnMap":{"1":{"name":"usage","line":21,"loc":{"start":{"line":21,"column":0},"end":{"line":21,"column":18}}},"2":{"name":"arg","line":26,"loc":{"start":{"line":26,"column":0},"end":{"line":26,"column":17}}},"3":{"name":"messageKeyArg","line":30,"loc":{"start":{"line":30,"column":0},"end":{"line":30,"column":26}}}},"statementMap":{"1":{"start":{"line":5,"column":0},"end":{"line":5,"column":32}},"2":{"start":{"line":7,"column":0},"end":{"line":7,"column":23}},"3":{"start":{"line":9,"column":0},"end":{"line":19,"column":1}},"4":{"start":{"line":10,"column":2},"end":{"line":10,"column":30}},"5":{"start":{"line":11,"column":7},"end":{"line":19,"column":1}},"6":{"start":{"line":12,"column":2},"end":{"line":12,"column":48}},"7":{"start":{"line":14,"column":2},"end":{"line":18,"column":26}},"8":{"start":{"line":21,"column":0},"end":{"line":24,"column":1}},"9":{"start":{"line":22,"column":2},"end":{"line":23,"column":69}},"10":{"start":{"line":26,"column":0},"end":{"line":28,"column":1}},"11":{"start":{"line":27,"column":2},"end":{"line":27,"column":35}},"12":{"start":{"line":30,"column":0},"end":{"line":42,"column":1}},"13":{"start":{"line":31,"column":2},"end":{"line":33,"column":3}},"14":{"start":{"line":32,"column":4},"end":{"line":32,"column":10}},"15":{"start":{"line":34,"column":2},"end":{"line":34,"column":54}},"16":{"start":{"line":35,"column":2},"end":{"line":36,"column":33}},"17":{"start":{"line":38,"column":2},"end":{"line":40,"column":3}},"18":{"start":{"line":39,"column":4},"end":{"line":39,"column":65}},"19":{"start":{"line":41,"column":2},"end":{"line":41,"column":19}}},"branchMap":{"1":{"line":9,"type":"if","locations":[{"start":{"line":9,"column":0},"end":{"line":9,"column":0}},{"start":{"line":9,"column":0},"end":{"line":9,"column":0}}]},"2":{"line":9,"type":"binary-expr","locations":[{"start":{"line":9,"column":4},"end":{"line":9,"column":13}},{"start":{"line":9,"column":17},"end":{"line":9,"column":30}}]},"3":{"line":11,"type":"if","locations":[{"start":{"line":11,"column":7},"end":{"line":11,"column":7}},{"start":{"line":11,"column":7},"end":{"line":11,"column":7}}]},"4":{"line":11,"type":"binary-expr","locations":[{"start":{"line":11,"column":11},"end":{"line":11,"column":20}},{"start":{"line":11,"column":24},"end":{"line":11,"column":40}}]},"5":{"line":31,"type":"if","locations":[{"start":{"line":31,"column":2},"end":{"line":31,"column":2}},{"start":{"line":31,"column":2},"end":{"line":31,"column":2}}]},"6":{"line":35,"type":"binary-expr","locations":[{"start":{"line":35,"column":19},"end":{"line":35,"column":56}},{"start":{"line":36,"column":4},"end":{"line":36,"column":33}}]},"7":{"line":38,"type":"if","locations":[{"start":{"line":38,"column":2},"end":{"line":38,"column":2}},{"start":{"line":38,"column":2},"end":{"line":38,"column":2}}]}},"code":["//#! /usr/bin/env node","","'use strict'","","var pretty = require('./pretty')","","module.exports = pretty","","if (arg('-h') || arg('--help')) {","  usage().pipe(process.stdout)","} else if (arg('-v') || arg('--version')) {","  console.log(require('./package.json').version)","} else {","  process.stdin.pipe(pretty({","    timeTransOnly: arg('-t'),","    levelFirst: arg('-l'),","    messageKey: messageKeyArg()","  })).pipe(process.stdout)","}","","function usage () {","  return require('fs')","      .createReadStream(require('path').join(__dirname, 'usage.txt'))","}","","function arg (s) {","  return !!~process.argv.indexOf(s)","}","","function messageKeyArg () {","  if (!arg('-m')) {","    return","  }","  var messageKeyIndex = process.argv.indexOf('-m') + 1","  var messageKey = process.argv.length > messageKeyIndex &&","    process.argv[messageKeyIndex]","","  if (!messageKey) {","    throw new Error('-m flag provided without a string argument')","  }","  return messageKey","}",""],"l":{"5":1,"7":1,"9":1,"10":0,"11":1,"12":0,"14":1,"21":1,"22":0,"26":1,"27":7,"30":1,"31":1,"32":1,"34":0,"35":0,"38":0,"39":0,"41":0}},"/home/travis/build/npmtest/node-npmtest-pino/node_modules/pino/browser.js":{"path":"/home/travis/build/npmtest/node-npmtest-pino/node_modules/pino/browser.js","s":{"1":1,"2":1,"3":1,"4":1,"5":0,"6":0,"7":0,"8":0,"9":0,"10":0,"11":0,"12":0,"13":0,"14":0,"15":0,"16":0,"17":0,"18":0,"19":0,"20":0,"21":0,"22":0,"23":0,"24":0,"25":0,"26":1,"27":0,"28":0,"29":1,"30":0,"31":0,"32":0,"33":0,"34":0,"35":0,"36":0,"37":0,"38":0,"39":0,"40":0,"41":1,"42":0,"43":0,"44":0,"45":0,"46":0,"47":0,"48":0,"49":0,"50":0,"51":0,"52":0,"53":0,"54":0,"55":0,"56":0,"57":0,"58":0,"59":0,"60":0,"61":0,"62":0,"63":0,"64":0,"65":1,"66":1,"67":1,"68":1,"69":0,"70":0,"71":0,"72":0,"73":0,"74":0,"75":1,"76":0,"77":1,"78":0,"79":1},"b":{"1":[1,0],"2":[0,0],"3":[0,0],"4":[0,0],"5":[0,0],"6":[0,0],"7":[0,0],"8":[0,0],"9":[0,0],"10":[0,0],"11":[0,0],"12":[0,0],"13":[0,0],"14":[0,0],"15":[0,0],"16":[0,0],"17":[0,0],"18":[0,0],"19":[0,0],"20":[0,0,0]},"f":{"1":0,"2":0,"3":0,"4":0,"5":0,"6":0,"7":0,"8":0,"9":0,"10":0,"11":0},"fnMap":{"1":{"name":"pino","line":9,"loc":{"start":{"line":9,"column":0},"end":{"line":9,"column":21}}},"2":{"name":"child","line":43,"loc":{"start":{"line":43,"column":2},"end":{"line":43,"column":28}}},"3":{"name":"Child","line":47,"loc":{"start":{"line":47,"column":4},"end":{"line":47,"column":28}}},"4":{"name":"asObject","line":63,"loc":{"start":{"line":63,"column":0},"end":{"line":63,"column":35}}},"5":{"name":"(anonymous_5)","line":67,"loc":{"start":{"line":67,"column":17},"end":{"line":67,"column":37}}},"6":{"name":"LOG","line":68,"loc":{"start":{"line":68,"column":13},"end":{"line":68,"column":29}}},"7":{"name":"bind","line":117,"loc":{"start":{"line":117,"column":0},"end":{"line":117,"column":40}}},"8":{"name":"(anonymous_8)","line":118,"loc":{"start":{"line":118,"column":9},"end":{"line":118,"column":21}}},"9":{"name":"set","line":128,"loc":{"start":{"line":128,"column":0},"end":{"line":128,"column":44}}},"10":{"name":"mock","line":133,"loc":{"start":{"line":133,"column":0},"end":{"line":133,"column":17}}},"11":{"name":"noop","line":134,"loc":{"start":{"line":134,"column":0},"end":{"line":134,"column":17}}}},"statementMap":{"1":{"start":{"line":3,"column":0},"end":{"line":3,"column":46}},"2":{"start":{"line":5,"column":0},"end":{"line":5,"column":21}},"3":{"start":{"line":7,"column":0},"end":{"line":7,"column":35}},"4":{"start":{"line":9,"column":0},"end":{"line":61,"column":1}},"5":{"start":{"line":10,"column":2},"end":{"line":10,"column":19}},"6":{"start":{"line":11,"column":2},"end":{"line":11,"column":35}},"7":{"start":{"line":12,"column":2},"end":{"line":12,"column":44}},"8":{"start":{"line":13,"column":2},"end":{"line":13,"column":54}},"9":{"start":{"line":13,"column":26},"end":{"line":13,"column":54}},"10":{"start":{"line":15,"column":2},"end":{"line":15,"column":67}},"11":{"start":{"line":17,"column":2},"end":{"line":20,"column":3}},"12":{"start":{"line":18,"column":4},"end":{"line":19,"column":50}},"13":{"start":{"line":22,"column":2},"end":{"line":22,"column":34}},"14":{"start":{"line":23,"column":2},"end":{"line":23,"column":37}},"15":{"start":{"line":24,"column":2},"end":{"line":24,"column":35}},"16":{"start":{"line":25,"column":2},"end":{"line":25,"column":36}},"17":{"start":{"line":25,"column":19},"end":{"line":25,"column":36}},"18":{"start":{"line":27,"column":2},"end":{"line":27,"column":34}},"19":{"start":{"line":28,"column":2},"end":{"line":28,"column":36}},"20":{"start":{"line":29,"column":2},"end":{"line":29,"column":35}},"21":{"start":{"line":30,"column":2},"end":{"line":30,"column":33}},"22":{"start":{"line":31,"column":2},"end":{"line":31,"column":34}},"23":{"start":{"line":32,"column":2},"end":{"line":32,"column":34}},"24":{"start":{"line":34,"column":2},"end":{"line":40,"column":36}},"25":{"start":{"line":42,"column":2},"end":{"line":42,"column":22}},"26":{"start":{"line":43,"column":2},"end":{"line":58,"column":3}},"27":{"start":{"line":44,"column":4},"end":{"line":46,"column":5}},"28":{"start":{"line":45,"column":6},"end":{"line":45,"column":56}},"29":{"start":{"line":47,"column":4},"end":{"line":55,"column":5}},"30":{"start":{"line":48,"column":6},"end":{"line":48,"column":53}},"31":{"start":{"line":49,"column":6},"end":{"line":49,"column":50}},"32":{"start":{"line":50,"column":6},"end":{"line":50,"column":50}},"33":{"start":{"line":51,"column":6},"end":{"line":51,"column":48}},"34":{"start":{"line":52,"column":6},"end":{"line":52,"column":48}},"35":{"start":{"line":53,"column":6},"end":{"line":53,"column":50}},"36":{"start":{"line":54,"column":6},"end":{"line":54,"column":50}},"37":{"start":{"line":56,"column":4},"end":{"line":56,"column":26}},"38":{"start":{"line":57,"column":4},"end":{"line":57,"column":26}},"39":{"start":{"line":59,"column":2},"end":{"line":59,"column":29}},"40":{"start":{"line":60,"column":2},"end":{"line":60,"column":67}},"41":{"start":{"line":63,"column":0},"end":{"line":88,"column":1}},"42":{"start":{"line":64,"column":2},"end":{"line":64,"column":7}},"43":{"start":{"line":65,"column":2},"end":{"line":86,"column":3}},"44":{"start":{"line":66,"column":4},"end":{"line":66,"column":17}},"45":{"start":{"line":67,"column":4},"end":{"line":85,"column":20}},"46":{"start":{"line":68,"column":6},"end":{"line":84,"column":7}},"47":{"start":{"line":69,"column":8},"end":{"line":69,"column":46}},"48":{"start":{"line":70,"column":8},"end":{"line":70,"column":68}},"49":{"start":{"line":70,"column":46},"end":{"line":70,"column":68}},"50":{"start":{"line":71,"column":8},"end":{"line":71,"column":25}},"51":{"start":{"line":72,"column":8},"end":{"line":72,"column":66}},"52":{"start":{"line":73,"column":8},"end":{"line":73,"column":44}},"53":{"start":{"line":74,"column":8},"end":{"line":74,"column":28}},"54":{"start":{"line":74,"column":21},"end":{"line":74,"column":28}},"55":{"start":{"line":76,"column":8},"end":{"line":81,"column":62}},"56":{"start":{"line":77,"column":10},"end":{"line":79,"column":11}},"57":{"start":{"line":78,"column":12},"end":{"line":78,"column":42}},"58":{"start":{"line":80,"column":10},"end":{"line":80,"column":54}},"59":{"start":{"line":81,"column":15},"end":{"line":81,"column":62}},"60":{"start":{"line":81,"column":44},"end":{"line":81,"column":62}},"61":{"start":{"line":82,"column":8},"end":{"line":82,"column":42}},"62":{"start":{"line":82,"column":31},"end":{"line":82,"column":42}},"63":{"start":{"line":83,"column":8},"end":{"line":83,"column":29}},"64":{"start":{"line":87,"column":2},"end":{"line":87,"column":15}},"65":{"start":{"line":90,"column":0},"end":{"line":90,"column":20}},"66":{"start":{"line":92,"column":0},"end":{"line":109,"column":1}},"67":{"start":{"line":111,"column":0},"end":{"line":115,"column":1}},"68":{"start":{"line":117,"column":0},"end":{"line":126,"column":1}},"69":{"start":{"line":118,"column":2},"end":{"line":125,"column":3}},"70":{"start":{"line":119,"column":4},"end":{"line":119,"column":46}},"71":{"start":{"line":120,"column":4},"end":{"line":120,"column":22}},"72":{"start":{"line":121,"column":4},"end":{"line":123,"column":5}},"73":{"start":{"line":122,"column":6},"end":{"line":122,"column":32}},"74":{"start":{"line":124,"column":4},"end":{"line":124,"column":42}},"75":{"start":{"line":128,"column":0},"end":{"line":131,"column":1}},"76":{"start":{"line":129,"column":2},"end":{"line":130,"column":87}},"77":{"start":{"line":133,"column":0},"end":{"line":133,"column":30}},"78":{"start":{"line":133,"column":19},"end":{"line":133,"column":29}},"79":{"start":{"line":134,"column":0},"end":{"line":134,"column":19}}},"branchMap":{"1":{"line":7,"type":"binary-expr","locations":[{"start":{"line":7,"column":15},"end":{"line":7,"column":29}},{"start":{"line":7,"column":33},"end":{"line":7,"column":35}}]},"2":{"line":10,"type":"binary-expr","locations":[{"start":{"line":10,"column":9},"end":{"line":10,"column":13}},{"start":{"line":10,"column":17},"end":{"line":10,"column":19}}]},"3":{"line":11,"type":"binary-expr","locations":[{"start":{"line":11,"column":17},"end":{"line":11,"column":29}},{"start":{"line":11,"column":33},"end":{"line":11,"column":35}}]},"4":{"line":12,"type":"binary-expr","locations":[{"start":{"line":12,"column":14},"end":{"line":12,"column":32}},{"start":{"line":12,"column":36},"end":{"line":12,"column":44}}]},"5":{"line":13,"type":"if","locations":[{"start":{"line":13,"column":2},"end":{"line":13,"column":2}},{"start":{"line":13,"column":2},"end":{"line":13,"column":2}}]},"6":{"line":17,"type":"if","locations":[{"start":{"line":17,"column":2},"end":{"line":17,"column":2}},{"start":{"line":17,"column":2},"end":{"line":17,"column":2}}]},"7":{"line":22,"type":"binary-expr","locations":[{"start":{"line":22,"column":14},"end":{"line":22,"column":24}},{"start":{"line":22,"column":28},"end":{"line":22,"column":34}}]},"8":{"line":25,"type":"if","locations":[{"start":{"line":25,"column":2},"end":{"line":25,"column":2}},{"start":{"line":25,"column":2},"end":{"line":25,"column":2}}]},"9":{"line":44,"type":"if","locations":[{"start":{"line":44,"column":4},"end":{"line":44,"column":4}},{"start":{"line":44,"column":4},"end":{"line":44,"column":4}}]},"10":{"line":60,"type":"cond-expr","locations":[{"start":{"line":60,"column":34},"end":{"line":60,"column":40}},{"start":{"line":60,"column":43},"end":{"line":60,"column":67}}]},"11":{"line":74,"type":"if","locations":[{"start":{"line":74,"column":8},"end":{"line":74,"column":8}},{"start":{"line":74,"column":8},"end":{"line":74,"column":8}}]},"12":{"line":76,"type":"if","locations":[{"start":{"line":76,"column":8},"end":{"line":76,"column":8}},{"start":{"line":76,"column":8},"end":{"line":76,"column":8}}]},"13":{"line":76,"type":"binary-expr","locations":[{"start":{"line":76,"column":12},"end":{"line":76,"column":24}},{"start":{"line":76,"column":28},"end":{"line":76,"column":51}}]},"14":{"line":77,"type":"binary-expr","locations":[{"start":{"line":77,"column":17},"end":{"line":77,"column":22}},{"start":{"line":77,"column":26},"end":{"line":77,"column":53}}]},"15":{"line":80,"type":"cond-expr","locations":[{"start":{"line":80,"column":30},"end":{"line":80,"column":42}},{"start":{"line":80,"column":45},"end":{"line":80,"column":54}}]},"16":{"line":81,"type":"if","locations":[{"start":{"line":81,"column":15},"end":{"line":81,"column":15}},{"start":{"line":81,"column":15},"end":{"line":81,"column":15}}]},"17":{"line":82,"type":"if","locations":[{"start":{"line":82,"column":8},"end":{"line":82,"column":8}},{"start":{"line":82,"column":8},"end":{"line":82,"column":8}}]},"18":{"line":129,"type":"cond-expr","locations":[{"start":{"line":129,"column":52},"end":{"line":129,"column":56}},{"start":{"line":130,"column":7},"end":{"line":130,"column":86}}]},"19":{"line":130,"type":"cond-expr","locations":[{"start":{"line":130,"column":23},"end":{"line":130,"column":36}},{"start":{"line":130,"column":40},"end":{"line":130,"column":85}}]},"20":{"line":130,"type":"binary-expr","locations":[{"start":{"line":130,"column":40},"end":{"line":130,"column":55}},{"start":{"line":130,"column":59},"end":{"line":130,"column":77}},{"start":{"line":130,"column":81},"end":{"line":130,"column":85}}]}},"code":["'use strict'","","var format = require('quick-format-unescaped')","","module.exports = pino","","var _console = global.console || {}","","function pino (opts) {","  opts = opts || {}","  opts.browser = opts.browser || {}","  var proto = opts.browser.write || _console","  if (opts.browser.write) opts.browser.asObject = true","","  var levels = ['error', 'fatal', 'warn', 'info', 'debug', 'trace']","","  if (typeof proto === 'function') {","    proto.error = proto.fatal = proto.warn =","    proto.info = proto.debug = proto.trace = proto","  }","","  var level = opts.level || 'info'","  var val = pino.levels.values[level]","  var logger = Object.create(proto)","  if (!logger.log) logger.log = noop","","  set(logger, val, 'error', 'log') // <-- must stay first","  set(logger, val, 'fatal', 'error')","  set(logger, val, 'warn', 'error')","  set(logger, val, 'info', 'log')","  set(logger, val, 'debug', 'log')","  set(logger, val, 'trace', 'log')","","  logger.setMaxListeners = logger.getMaxListeners =","  logger.emit = logger.addListener = logger.on =","  logger.prependListener = logger.once =","  logger.prependOnceListener = logger.removeListener =","  logger.removeAllListeners = logger.listeners =","  logger.listenerCount = logger.eventNames =","  logger.write = logger.flush = noop","","  logger.child = child","  function child (bindings) {","    if (!bindings) {","      throw new Error('missing bindings for child Pino')","    }","    function Child (parent) {","      this._childLevel = (parent._childLevel | 0) + 1","      this.error = bind(parent, bindings, 'error')","      this.fatal = bind(parent, bindings, 'fatal')","      this.warn = bind(parent, bindings, 'warn')","      this.info = bind(parent, bindings, 'info')","      this.debug = bind(parent, bindings, 'debug')","      this.trace = bind(parent, bindings, 'trace')","    }","    Child.prototype = this","    return new Child(this)","  }","  logger.levels = pino.levels","  return !opts.browser.asObject ? logger : asObject(logger, levels)","}","","function asObject (logger, levels) {","  var k","  for (var i = 0; i < levels.length; i++) {","    k = levels[i]","    logger[k] = (function (write, k) {","      return function LOG () {","        var args = new Array(arguments.length)","        for (var i = 0; i < args.length; i++) args[i] = arguments[i]","        var msg = args[0]","        var o = { time: Date.now(), level: pino.levels.values[k] }","        var lvl = (this._childLevel | 0) + 1","        if (lvl < 1) lvl = 1","        // deliberate, catching objects, arrays","        if (msg !== null && typeof msg === 'object') {","          while (lvl-- && typeof args[0] === 'object') {","            Object.assign(o, args.shift())","          }","          msg = args.length ? format(args) : undefined","        } else if (typeof msg === 'string') msg = format(args)","        if (msg !== undefined) o.msg = msg","        write.call(logger, o)","      }","    })(logger[k], k)","  }","  return logger","}","","pino.LOG_VERSION = 1","","pino.levels = {","  values: {","    fatal: 60,","    error: 50,","    warn: 40,","    info: 30,","    debug: 20,","    trace: 10","  },","  labels: {","    '10': 'trace',","    '20': 'debug',","    '30': 'info',","    '40': 'warn',","    '50': 'error',","    '60': 'fatal'","  }","}","","pino.stdSerializers = {","  req: mock,","  res: mock,","  err: mock","}","","function bind (parent, bindings, level) {","  return function () {","    var args = new Array(1 + arguments.length)","    args[0] = bindings","    for (var i = 1; i < args.length; i++) {","      args[i] = arguments[i - 1]","    }","    return parent[level].apply(this, args)","  }","}","","function set (logger, val, level, fallback) {","  logger[level] = val > pino.levels.values[level] ? noop","    : (logger[level] ? logger[level] : (_console[level] || _console[fallback] || noop))","}","","function mock () { return {} }","function noop () {}",""],"l":{"3":1,"5":1,"7":1,"9":1,"10":0,"11":0,"12":0,"13":0,"15":0,"17":0,"18":0,"22":0,"23":0,"24":0,"25":0,"27":0,"28":0,"29":0,"30":0,"31":0,"32":0,"34":0,"42":0,"43":1,"44":0,"45":0,"47":1,"48":0,"49":0,"50":0,"51":0,"52":0,"53":0,"54":0,"56":0,"57":0,"59":0,"60":0,"63":1,"64":0,"65":0,"66":0,"67":0,"68":0,"69":0,"70":0,"71":0,"72":0,"73":0,"74":0,"76":0,"77":0,"78":0,"80":0,"81":0,"82":0,"83":0,"87":0,"90":1,"92":1,"111":1,"117":1,"118":0,"119":0,"120":0,"121":0,"122":0,"124":0,"128":1,"129":0,"133":1,"134":1}}}